[debug] [2023-10-03T19:39:54.531Z] ----------------------------------------------------------------------
[debug] [2023-10-03T19:39:54.533Z] Command:       C:\Program Files\nodejs\node.exe C:\Users\jcdos\AppData\Roaming\npm\node_modules\firebase-tools\lib\bin\firebase.js deploy --only functions
[debug] [2023-10-03T19:39:54.533Z] CLI Version:   12.6.1
[debug] [2023-10-03T19:39:54.533Z] Platform:      win32
[debug] [2023-10-03T19:39:54.534Z] Node Version:  v18.16.0
[debug] [2023-10-03T19:39:54.534Z] Time:          Tue Oct 03 2023 12:39:54 GMT-0700 (Pacific Daylight Time)
[debug] [2023-10-03T19:39:54.534Z] ----------------------------------------------------------------------
[debug] 
[debug] [2023-10-03T19:39:54.598Z] > command requires scopes: ["email","openid","https://www.googleapis.com/auth/cloudplatformprojects.readonly","https://www.googleapis.com/auth/firebase","https://www.googleapis.com/auth/cloud-platform"]
[debug] [2023-10-03T19:39:54.599Z] > authorizing via signed-in user (jdosaj@vurge.io)
[debug] [2023-10-03T19:39:54.599Z] [iam] checking project webnest-f4392 for permissions ["cloudfunctions.functions.create","cloudfunctions.functions.delete","cloudfunctions.functions.get","cloudfunctions.functions.list","cloudfunctions.functions.update","cloudfunctions.operations.get","firebase.projects.get"]
[debug] [2023-10-03T19:39:54.601Z] >>> [apiv2][query] POST https://cloudresourcemanager.googleapis.com/v1/projects/webnest-f4392:testIamPermissions [none]
[debug] [2023-10-03T19:39:54.601Z] >>> [apiv2][(partial)header] POST https://cloudresourcemanager.googleapis.com/v1/projects/webnest-f4392:testIamPermissions x-goog-quota-user=projects/webnest-f4392
[debug] [2023-10-03T19:39:54.601Z] >>> [apiv2][body] POST https://cloudresourcemanager.googleapis.com/v1/projects/webnest-f4392:testIamPermissions {"permissions":["cloudfunctions.functions.create","cloudfunctions.functions.delete","cloudfunctions.functions.get","cloudfunctions.functions.list","cloudfunctions.functions.update","cloudfunctions.operations.get","firebase.projects.get"]}
[debug] [2023-10-03T19:39:54.781Z] <<< [apiv2][status] POST https://cloudresourcemanager.googleapis.com/v1/projects/webnest-f4392:testIamPermissions 200
[debug] [2023-10-03T19:39:54.781Z] <<< [apiv2][body] POST https://cloudresourcemanager.googleapis.com/v1/projects/webnest-f4392:testIamPermissions {"permissions":["cloudfunctions.functions.create","cloudfunctions.functions.delete","cloudfunctions.functions.get","cloudfunctions.functions.list","cloudfunctions.functions.update","cloudfunctions.operations.get","firebase.projects.get"]}
[debug] [2023-10-03T19:39:54.782Z] >>> [apiv2][query] POST https://iam.googleapis.com/v1/projects/webnest-f4392/serviceAccounts/webnest-f4392@appspot.gserviceaccount.com:testIamPermissions [none]
[debug] [2023-10-03T19:39:54.782Z] >>> [apiv2][body] POST https://iam.googleapis.com/v1/projects/webnest-f4392/serviceAccounts/webnest-f4392@appspot.gserviceaccount.com:testIamPermissions {"permissions":["iam.serviceAccounts.actAs"]}
[debug] [2023-10-03T19:39:54.884Z] <<< [apiv2][status] POST https://iam.googleapis.com/v1/projects/webnest-f4392/serviceAccounts/webnest-f4392@appspot.gserviceaccount.com:testIamPermissions 404
[debug] [2023-10-03T19:39:54.885Z] <<< [apiv2][body] POST https://iam.googleapis.com/v1/projects/webnest-f4392/serviceAccounts/webnest-f4392@appspot.gserviceaccount.com:testIamPermissions {"error":{"code":404,"message":"Unknown service account","status":"NOT_FOUND"}}
[debug] [2023-10-03T19:39:54.885Z] [functions] service account IAM check errored, deploy may fail: HTTP Error: 404, Unknown service account {"name":"FirebaseError","children":[],"context":{"body":{"error":{"code":404,"message":"Unknown service account","status":"NOT_FOUND"}},"response":{"statusCode":404}},"exit":1,"message":"HTTP Error: 404, Unknown service account","status":404}
[info] 
[info] === Deploying to 'webnest-f4392'...
[info] 
[info] i  deploying functions 
[debug] [2023-10-03T19:39:54.888Z] >>> [apiv2][query] GET https://firebase.googleapis.com/v1beta1/projects/webnest-f4392 [none]
[debug] [2023-10-03T19:39:55.180Z] <<< [apiv2][status] GET https://firebase.googleapis.com/v1beta1/projects/webnest-f4392 200
[debug] [2023-10-03T19:39:55.181Z] <<< [apiv2][body] GET https://firebase.googleapis.com/v1beta1/projects/webnest-f4392 {"projectId":"webnest-f4392","projectNumber":"232253787380","displayName":"Webnest","name":"projects/webnest-f4392","resources":{"hostingSite":"webnest-f4392"},"state":"ACTIVE","etag":"1_72d8ceb2-fa0a-4d9d-91e9-8e95f7e2650d"}
[info] i  functions: preparing codebase default for deployment 
[info] i  functions: ensuring required API cloudfunctions.googleapis.com is enabled... 
[info] i  functions: ensuring required API cloudbuild.googleapis.com is enabled... 
[info] i  artifactregistry: ensuring required API artifactregistry.googleapis.com is enabled... 
[debug] [2023-10-03T19:39:55.182Z] >>> [apiv2][query] GET https://serviceusage.googleapis.com/v1/projects/webnest-f4392/services/cloudfunctions.googleapis.com [none]
[debug] [2023-10-03T19:39:55.182Z] >>> [apiv2][(partial)header] GET https://serviceusage.googleapis.com/v1/projects/webnest-f4392/services/cloudfunctions.googleapis.com x-goog-quota-user=projects/webnest-f4392
[debug] [2023-10-03T19:39:55.183Z] >>> [apiv2][query] GET https://serviceusage.googleapis.com/v1/projects/webnest-f4392/services/runtimeconfig.googleapis.com [none]
[debug] [2023-10-03T19:39:55.183Z] >>> [apiv2][(partial)header] GET https://serviceusage.googleapis.com/v1/projects/webnest-f4392/services/runtimeconfig.googleapis.com x-goog-quota-user=projects/webnest-f4392
[debug] [2023-10-03T19:39:55.184Z] >>> [apiv2][query] GET https://serviceusage.googleapis.com/v1/projects/webnest-f4392/services/cloudbuild.googleapis.com [none]
[debug] [2023-10-03T19:39:55.184Z] >>> [apiv2][(partial)header] GET https://serviceusage.googleapis.com/v1/projects/webnest-f4392/services/cloudbuild.googleapis.com x-goog-quota-user=projects/webnest-f4392
[debug] [2023-10-03T19:39:55.185Z] >>> [apiv2][query] GET https://serviceusage.googleapis.com/v1/projects/webnest-f4392/services/artifactregistry.googleapis.com [none]
[debug] [2023-10-03T19:39:55.185Z] >>> [apiv2][(partial)header] GET https://serviceusage.googleapis.com/v1/projects/webnest-f4392/services/artifactregistry.googleapis.com x-goog-quota-user=projects/webnest-f4392
[debug] [2023-10-03T19:39:55.667Z] <<< [apiv2][status] GET https://serviceusage.googleapis.com/v1/projects/webnest-f4392/services/cloudbuild.googleapis.com 200
[debug] [2023-10-03T19:39:55.667Z] <<< [apiv2][body] GET https://serviceusage.googleapis.com/v1/projects/webnest-f4392/services/cloudbuild.googleapis.com [omitted]
[info] +  functions: required API cloudbuild.googleapis.com is enabled 
[debug] [2023-10-03T19:39:55.690Z] <<< [apiv2][status] GET https://serviceusage.googleapis.com/v1/projects/webnest-f4392/services/artifactregistry.googleapis.com 200
[debug] [2023-10-03T19:39:55.691Z] <<< [apiv2][body] GET https://serviceusage.googleapis.com/v1/projects/webnest-f4392/services/artifactregistry.googleapis.com [omitted]
[info] +  artifactregistry: required API artifactregistry.googleapis.com is enabled 
[debug] [2023-10-03T19:39:55.694Z] <<< [apiv2][status] GET https://serviceusage.googleapis.com/v1/projects/webnest-f4392/services/cloudfunctions.googleapis.com 200
[debug] [2023-10-03T19:39:55.694Z] <<< [apiv2][body] GET https://serviceusage.googleapis.com/v1/projects/webnest-f4392/services/cloudfunctions.googleapis.com [omitted]
[info] +  functions: required API cloudfunctions.googleapis.com is enabled 
[debug] [2023-10-03T19:39:55.709Z] <<< [apiv2][status] GET https://serviceusage.googleapis.com/v1/projects/webnest-f4392/services/runtimeconfig.googleapis.com 200
[debug] [2023-10-03T19:39:55.709Z] <<< [apiv2][body] GET https://serviceusage.googleapis.com/v1/projects/webnest-f4392/services/runtimeconfig.googleapis.com [omitted]
[debug] [2023-10-03T19:39:55.709Z] >>> [apiv2][query] GET https://firebase.googleapis.com/v1beta1/projects/webnest-f4392/adminSdkConfig [none]
[debug] [2023-10-03T19:39:55.931Z] <<< [apiv2][status] GET https://firebase.googleapis.com/v1beta1/projects/webnest-f4392/adminSdkConfig 200
[debug] [2023-10-03T19:39:55.931Z] <<< [apiv2][body] GET https://firebase.googleapis.com/v1beta1/projects/webnest-f4392/adminSdkConfig {"projectId":"webnest-f4392","storageBucket":"webnest-f4392.appspot.com"}
[debug] [2023-10-03T19:39:55.931Z] >>> [apiv2][query] GET https://runtimeconfig.googleapis.com/v1beta1/projects/webnest-f4392/configs [none]
[debug] [2023-10-03T19:39:56.133Z] <<< [apiv2][status] GET https://runtimeconfig.googleapis.com/v1beta1/projects/webnest-f4392/configs 200
[debug] [2023-10-03T19:39:56.133Z] <<< [apiv2][body] GET https://runtimeconfig.googleapis.com/v1beta1/projects/webnest-f4392/configs {}
[debug] [2023-10-03T19:39:56.134Z] Validating nodejs source
[debug] [2023-10-03T19:39:57.507Z] > [functions] package.json contents: {
  "name": "functions",
  "description": "Cloud Functions for Firebase",
  "scripts": {
    "serve": "firebase emulators:start --only functions",
    "shell": "firebase functions:shell",
    "start": "npm run shell",
    "deploy": "firebase deploy --only functions",
    "logs": "firebase functions:log"
  },
  "engines": {
    "node": "18"
  },
  "main": "index.js",
  "dependencies": {
    "firebase-admin": "^11.8.0",
    "firebase-functions": "^4.3.1"
  },
  "devDependencies": {
    "firebase-functions-test": "^3.1.0",
    "puppeteer": "^10.4.0"
  },
  "private": true
}
[debug] [2023-10-03T19:39:57.507Z] Building nodejs source
[info] i  functions: Loading and analyzing source code for codebase default to determine what to deploy 
[debug] [2023-10-03T19:39:57.508Z] Could not find functions.yaml. Must use http discovery
[debug] [2023-10-03T19:39:57.513Z] Found firebase-functions binary at 'D:\Github\webnest-ai\functions\node_modules\.bin\firebase-functions'
[info] Serving at port 8991

[debug] [2023-10-03T19:39:57.888Z] Got response from /__/functions.yaml {"endpoints":{"testDetectandScrape":{"availableMemoryMb":null,"timeoutSeconds":null,"minInstances":null,"maxInstances":null,"ingressSettings":null,"concurrency":null,"serviceAccountEmail":null,"vpc":null,"platform":"gcfv2","labels":{},"eventTrigger":{"eventType":"google.cloud.firestore.document.v1.created","eventFilters":{"database":"(default)","namespace":"(default)"},"eventFilterPathPatterns":{"document":"users/{userId}/pages/{documentId}"},"retry":false},"entryPoint":"testDetectandScrape"}},"specVersion":"v1alpha1","requiredAPIs":[]}
[info] shutdown requested via /__/quitquitquit

[info] i  functions: preparing functions directory for uploading... 
[info] i  functions: packaged D:\Github\webnest-ai\functions (70.44 KB) for uploading 
[debug] [2023-10-03T19:39:57.933Z] >>> [apiv2][query] GET https://cloudfunctions.googleapis.com/v1/projects/webnest-f4392/locations/-/functions [none]
[debug] [2023-10-03T19:39:58.413Z] <<< [apiv2][status] GET https://cloudfunctions.googleapis.com/v1/projects/webnest-f4392/locations/-/functions 200
[debug] [2023-10-03T19:39:58.413Z] <<< [apiv2][body] GET https://cloudfunctions.googleapis.com/v1/projects/webnest-f4392/locations/-/functions {}
[debug] [2023-10-03T19:39:58.414Z] >>> [apiv2][query] GET https://cloudfunctions.googleapis.com/v2/projects/webnest-f4392/locations/-/functions filter=environment%3D%22GEN_2%22
[debug] [2023-10-03T19:39:59.074Z] <<< [apiv2][status] GET https://cloudfunctions.googleapis.com/v2/projects/webnest-f4392/locations/-/functions 200
[debug] [2023-10-03T19:39:59.074Z] <<< [apiv2][body] GET https://cloudfunctions.googleapis.com/v2/projects/webnest-f4392/locations/-/functions {"functions":[{"name":"projects/webnest-f4392/locations/us-central1/functions/testDetect","buildConfig":{"build":"projects/232253787380/locations/us-central1/builds/af5032f7-ed6b-4122-adfd-585ec47861f0","runtime":"nodejs18","entryPoint":"testDetect","source":{"storageSource":{"bucket":"gcf-v2-sources-232253787380-us-central1","object":"testDetect/function-source.zip","generation":"1696359143116024"}},"environmentVariables":{"GOOGLE_NODE_RUN_SCRIPTS":""},"sourceProvenance":{"resolvedStorageSource":{"bucket":"gcf-v2-sources-232253787380-us-central1","object":"testDetect/function-source.zip","generation":"1696359143116024"}},"dockerRegistry":"ARTIFACT_REGISTRY"},"serviceConfig":{"service":"projects/webnest-f4392/locations/us-central1/services/testdetect","timeoutSeconds":60,"environmentVariables":{"FIREBASE_CONFIG":"{\"projectId\":\"webnest-f4392\",\"storageBucket\":\"webnest-f4392.appspot.com\"}","GCLOUD_PROJECT":"webnest-f4392","EVENTARC_CLOUD_EVENT_SOURCE":"projects/webnest-f4392/locations/us-central1/services/testDetect","FUNCTION_SIGNATURE_TYPE":"cloudevent","FUNCTION_TARGET":"testDetect"},"maxInstanceCount":100,"ingressSettings":"ALLOW_ALL","uri":"https://testdetect-qqypvi3mza-uc.a.run.app","serviceAccountEmail":"232253787380-compute@developer.gserviceaccount.com","availableMemory":"256Mi","allTrafficOnLatestRevision":true,"revision":"testdetect-00001-ric","maxInstanceRequestConcurrency":80,"availableCpu":"1"},"eventTrigger":{"trigger":"projects/webnest-f4392/locations/nam5/triggers/testdetect-096032","triggerRegion":"nam5","eventType":"google.cloud.firestore.document.v1.created","eventFilters":[{"attribute":"database","value":"(default)"},{"attribute":"namespace","value":"(default)"},{"attribute":"document","value":"users/{userId}/pages/{documentId}","operator":"match-path-pattern"}],"pubsubTopic":"projects/webnest-f4392/topics/eventarc-nam5-testdetect-096032-503","serviceAccountEmail":"232253787380-compute@developer.gserviceaccount.com","retryPolicy":"RETRY_POLICY_DO_NOT_RETRY"},"state":"ACTIVE","updateTime":"2023-10-03T18:53:43.367071375Z","labels":{"deployment-tool":"cli-firebase","firebase-functions-hash":"7c1bd079af540167804098c726e9cb19f3ba6d34"},"environment":"GEN_2","url":"https://us-central1-webnest-f4392.cloudfunctions.net/testDetect"}]}
[debug] [2023-10-03T19:39:59.075Z] >>> [apiv2][query] GET https://firestore.googleapis.com/v1/projects/webnest-f4392/databases/(default) [none]
[debug] [2023-10-03T19:39:59.478Z] <<< [apiv2][status] GET https://firestore.googleapis.com/v1/projects/webnest-f4392/databases/(default) 200
[debug] [2023-10-03T19:39:59.478Z] <<< [apiv2][body] GET https://firestore.googleapis.com/v1/projects/webnest-f4392/databases/(default) {"name":"projects/webnest-f4392/databases/(default)","uid":"9b26c048-1cb8-4d43-9b63-e59a80926ff5","createTime":"2023-10-02T06:04:20.282141Z","updateTime":"2023-10-02T06:04:20.282141Z","locationId":"nam5","type":"FIRESTORE_NATIVE","concurrencyMode":"PESSIMISTIC","versionRetentionPeriod":"3600s","earliestVersionTime":"2023-10-03T18:39:58.182713Z","appEngineIntegrationMode":"DISABLED","keyPrefix":"s","pointInTimeRecoveryEnablement":"POINT_IN_TIME_RECOVERY_DISABLED","deleteProtectionState":"DELETE_PROTECTION_DISABLED","etag":"IN3Mv/LQ2oEDMJHy3IDq2IED"}
[info] i  functions: ensuring required API run.googleapis.com is enabled... 
[info] i  functions: ensuring required API eventarc.googleapis.com is enabled... 
[info] i  functions: ensuring required API pubsub.googleapis.com is enabled... 
[info] i  functions: ensuring required API storage.googleapis.com is enabled... 
[debug] [2023-10-03T19:39:59.481Z] >>> [apiv2][query] GET https://serviceusage.googleapis.com/v1/projects/webnest-f4392/services/run.googleapis.com [none]
[debug] [2023-10-03T19:39:59.481Z] >>> [apiv2][(partial)header] GET https://serviceusage.googleapis.com/v1/projects/webnest-f4392/services/run.googleapis.com x-goog-quota-user=projects/webnest-f4392
[debug] [2023-10-03T19:39:59.482Z] >>> [apiv2][query] GET https://serviceusage.googleapis.com/v1/projects/webnest-f4392/services/eventarc.googleapis.com [none]
[debug] [2023-10-03T19:39:59.482Z] >>> [apiv2][(partial)header] GET https://serviceusage.googleapis.com/v1/projects/webnest-f4392/services/eventarc.googleapis.com x-goog-quota-user=projects/webnest-f4392
[debug] [2023-10-03T19:39:59.483Z] >>> [apiv2][query] GET https://serviceusage.googleapis.com/v1/projects/webnest-f4392/services/pubsub.googleapis.com [none]
[debug] [2023-10-03T19:39:59.483Z] >>> [apiv2][(partial)header] GET https://serviceusage.googleapis.com/v1/projects/webnest-f4392/services/pubsub.googleapis.com x-goog-quota-user=projects/webnest-f4392
[debug] [2023-10-03T19:39:59.484Z] >>> [apiv2][query] GET https://serviceusage.googleapis.com/v1/projects/webnest-f4392/services/storage.googleapis.com [none]
[debug] [2023-10-03T19:39:59.484Z] >>> [apiv2][(partial)header] GET https://serviceusage.googleapis.com/v1/projects/webnest-f4392/services/storage.googleapis.com x-goog-quota-user=projects/webnest-f4392
[debug] [2023-10-03T19:39:59.797Z] <<< [apiv2][status] GET https://serviceusage.googleapis.com/v1/projects/webnest-f4392/services/pubsub.googleapis.com 200
[debug] [2023-10-03T19:39:59.797Z] <<< [apiv2][body] GET https://serviceusage.googleapis.com/v1/projects/webnest-f4392/services/pubsub.googleapis.com [omitted]
[info] +  functions: required API pubsub.googleapis.com is enabled 
[debug] [2023-10-03T19:39:59.954Z] <<< [apiv2][status] GET https://serviceusage.googleapis.com/v1/projects/webnest-f4392/services/eventarc.googleapis.com 200
[debug] [2023-10-03T19:39:59.954Z] <<< [apiv2][body] GET https://serviceusage.googleapis.com/v1/projects/webnest-f4392/services/eventarc.googleapis.com [omitted]
[info] +  functions: required API eventarc.googleapis.com is enabled 
[debug] [2023-10-03T19:39:59.961Z] <<< [apiv2][status] GET https://serviceusage.googleapis.com/v1/projects/webnest-f4392/services/run.googleapis.com 200
[debug] [2023-10-03T19:39:59.961Z] <<< [apiv2][body] GET https://serviceusage.googleapis.com/v1/projects/webnest-f4392/services/run.googleapis.com [omitted]
[info] +  functions: required API run.googleapis.com is enabled 
[debug] [2023-10-03T19:39:59.965Z] <<< [apiv2][status] GET https://serviceusage.googleapis.com/v1/projects/webnest-f4392/services/storage.googleapis.com 200
[debug] [2023-10-03T19:39:59.965Z] <<< [apiv2][body] GET https://serviceusage.googleapis.com/v1/projects/webnest-f4392/services/storage.googleapis.com [omitted]
[info] +  functions: required API storage.googleapis.com is enabled 
[info] i  functions: generating the service identity for pubsub.googleapis.com... 
[info] i  functions: generating the service identity for eventarc.googleapis.com... 
[debug] [2023-10-03T19:39:59.966Z] >>> [apiv2][query] POST https://serviceusage.googleapis.com/v1beta1/projects/232253787380/services/pubsub.googleapis.com:generateServiceIdentity [none]
[debug] [2023-10-03T19:39:59.967Z] >>> [apiv2][query] POST https://serviceusage.googleapis.com/v1beta1/projects/232253787380/services/eventarc.googleapis.com:generateServiceIdentity [none]
[debug] [2023-10-03T19:40:00.846Z] <<< [apiv2][status] POST https://serviceusage.googleapis.com/v1beta1/projects/232253787380/services/pubsub.googleapis.com:generateServiceIdentity 200
[debug] [2023-10-03T19:40:00.846Z] <<< [apiv2][body] POST https://serviceusage.googleapis.com/v1beta1/projects/232253787380/services/pubsub.googleapis.com:generateServiceIdentity {"name":"operations/finished.DONE_OPERATION","done":true,"response":{"@type":"type.googleapis.com/google.api.serviceusage.v1beta1.ServiceIdentity","email":"service-232253787380@gcp-sa-pubsub.iam.gserviceaccount.com","uniqueId":"105898873989334262941"}}
[debug] [2023-10-03T19:40:00.898Z] <<< [apiv2][status] POST https://serviceusage.googleapis.com/v1beta1/projects/232253787380/services/eventarc.googleapis.com:generateServiceIdentity 200
[debug] [2023-10-03T19:40:00.898Z] <<< [apiv2][body] POST https://serviceusage.googleapis.com/v1beta1/projects/232253787380/services/eventarc.googleapis.com:generateServiceIdentity {"name":"operations/finished.DONE_OPERATION","done":true,"response":{"@type":"type.googleapis.com/google.api.serviceusage.v1beta1.ServiceIdentity","email":"service-232253787380@gcp-sa-eventarc.iam.gserviceaccount.com","uniqueId":"118090874493137542720"}}
[debug] [2023-10-03T19:40:00.899Z] >>> [apiv2][query] GET https://firebase.googleapis.com/v1beta1/projects/webnest-f4392 [none]
[debug] [2023-10-03T19:40:01.112Z] <<< [apiv2][status] GET https://firebase.googleapis.com/v1beta1/projects/webnest-f4392 200
[debug] [2023-10-03T19:40:01.112Z] <<< [apiv2][body] GET https://firebase.googleapis.com/v1beta1/projects/webnest-f4392 {"projectId":"webnest-f4392","projectNumber":"232253787380","displayName":"Webnest","name":"projects/webnest-f4392","resources":{"hostingSite":"webnest-f4392"},"state":"ACTIVE","etag":"1_72d8ceb2-fa0a-4d9d-91e9-8e95f7e2650d"}
[debug] [2023-10-03T19:40:01.113Z] >>> [apiv2][query] POST https://cloudfunctions.googleapis.com/v2/projects/webnest-f4392/locations/us-central1/functions:generateUploadUrl [none]
[debug] [2023-10-03T19:40:01.716Z] <<< [apiv2][status] POST https://cloudfunctions.googleapis.com/v2/projects/webnest-f4392/locations/us-central1/functions:generateUploadUrl 200
[debug] [2023-10-03T19:40:01.716Z] <<< [apiv2][body] POST https://cloudfunctions.googleapis.com/v2/projects/webnest-f4392/locations/us-central1/functions:generateUploadUrl {"uploadUrl":"https://storage.googleapis.com/gcf-v2-uploads-232253787380-us-central1/ec2451e5-ac7f-4715-8c47-533450730546.zip?GoogleAccessId=service-232253787380@gcf-admin-robot.iam.gserviceaccount.com&Expires=1696363800&Signature=eJwbhCwjBdY5JZOiNpqhrbtO32VLHoNWnUwdWRXMrI0Cz5%2BrBkX3%2BS5FnOGSW0WgZ2sfGRsl6AMwOfqkXvao1skejh5GoSmnD%2B2qdJ4%2FRYPrGjQS36wByT98eLrjCMr3xgzKTxtMiCjExOUbxiV43WrqchG91ZCPdNOuv%2BDp%2FJ73iPY%2BdWmVyZ0VtJRoKqrkCwIbvfCv5wRdnnGFyLhhCwI%2FubK587oQwN7wezJ7%2FG7NiC5VL8TAEBpoFig43JWCiHeAfO0VBIhCZOKhaJbpVg6vOBE9GQ4B48hLKL16ApgahP9tl5hF1ACKSrH8UxtJNXqmmdlnC7xW4Hr9eJlxoA%3D%3D","storageSource":{"bucket":"gcf-v2-uploads-232253787380-us-central1","object":"ec2451e5-ac7f-4715-8c47-533450730546.zip"}}
[debug] [2023-10-03T19:40:01.717Z] >>> [apiv2][query] PUT https://storage.googleapis.com/gcf-v2-uploads-232253787380-us-central1/ec2451e5-ac7f-4715-8c47-533450730546.zip GoogleAccessId=service-232253787380%40gcf-admin-robot.iam.gserviceaccount.com&Expires=1696363800&Signature=eJwbhCwjBdY5JZOiNpqhrbtO32VLHoNWnUwdWRXMrI0Cz5%2BrBkX3%2BS5FnOGSW0WgZ2sfGRsl6AMwOfqkXvao1skejh5GoSmnD%2B2qdJ4%2FRYPrGjQS36wByT98eLrjCMr3xgzKTxtMiCjExOUbxiV43WrqchG91ZCPdNOuv%2BDp%2FJ73iPY%2BdWmVyZ0VtJRoKqrkCwIbvfCv5wRdnnGFyLhhCwI%2FubK587oQwN7wezJ7%2FG7NiC5VL8TAEBpoFig43JWCiHeAfO0VBIhCZOKhaJbpVg6vOBE9GQ4B48hLKL16ApgahP9tl5hF1ACKSrH8UxtJNXqmmdlnC7xW4Hr9eJlxoA%3D%3D
[debug] [2023-10-03T19:40:01.717Z] >>> [apiv2][body] PUT https://storage.googleapis.com/gcf-v2-uploads-232253787380-us-central1/ec2451e5-ac7f-4715-8c47-533450730546.zip [stream]
[debug] [2023-10-03T19:40:02.032Z] <<< [apiv2][status] PUT https://storage.googleapis.com/gcf-v2-uploads-232253787380-us-central1/ec2451e5-ac7f-4715-8c47-533450730546.zip 200
[debug] [2023-10-03T19:40:02.032Z] <<< [apiv2][body] PUT https://storage.googleapis.com/gcf-v2-uploads-232253787380-us-central1/ec2451e5-ac7f-4715-8c47-533450730546.zip [omitted]
[info] +  functions: functions folder uploaded successfully 
[info] 
The following functions are found in your project but do not exist in your local source code:
	testDetect(us-central1)

If you are renaming a function or changing its region, it is recommended that you create the new function first before deleting the old one to prevent event loss. For more info, visit https://firebase.google.com/docs/functions/manage-functions#modify

