[debug] [2023-10-03T19:40:28.056Z] ----------------------------------------------------------------------
[debug] [2023-10-03T19:40:28.057Z] Command:       C:\Program Files\nodejs\node.exe C:\Users\jcdos\AppData\Roaming\npm\node_modules\firebase-tools\lib\bin\firebase.js deploy --only functions
[debug] [2023-10-03T19:40:28.058Z] CLI Version:   12.6.1
[debug] [2023-10-03T19:40:28.058Z] Platform:      win32
[debug] [2023-10-03T19:40:28.058Z] Node Version:  v18.16.0
[debug] [2023-10-03T19:40:28.059Z] Time:          Tue Oct 03 2023 12:40:28 GMT-0700 (Pacific Daylight Time)
[debug] [2023-10-03T19:40:28.059Z] ----------------------------------------------------------------------
[debug] 
[debug] [2023-10-03T19:40:28.125Z] > command requires scopes: ["email","openid","https://www.googleapis.com/auth/cloudplatformprojects.readonly","https://www.googleapis.com/auth/firebase","https://www.googleapis.com/auth/cloud-platform"]
[debug] [2023-10-03T19:40:28.125Z] > authorizing via signed-in user (jdosaj@vurge.io)
[debug] [2023-10-03T19:40:28.125Z] [iam] checking project webnest-f4392 for permissions ["cloudfunctions.functions.create","cloudfunctions.functions.delete","cloudfunctions.functions.get","cloudfunctions.functions.list","cloudfunctions.functions.update","cloudfunctions.operations.get","firebase.projects.get"]
[debug] [2023-10-03T19:40:28.127Z] >>> [apiv2][query] POST https://cloudresourcemanager.googleapis.com/v1/projects/webnest-f4392:testIamPermissions [none]
[debug] [2023-10-03T19:40:28.127Z] >>> [apiv2][(partial)header] POST https://cloudresourcemanager.googleapis.com/v1/projects/webnest-f4392:testIamPermissions x-goog-quota-user=projects/webnest-f4392
[debug] [2023-10-03T19:40:28.128Z] >>> [apiv2][body] POST https://cloudresourcemanager.googleapis.com/v1/projects/webnest-f4392:testIamPermissions {"permissions":["cloudfunctions.functions.create","cloudfunctions.functions.delete","cloudfunctions.functions.get","cloudfunctions.functions.list","cloudfunctions.functions.update","cloudfunctions.operations.get","firebase.projects.get"]}
[debug] [2023-10-03T19:40:28.309Z] <<< [apiv2][status] POST https://cloudresourcemanager.googleapis.com/v1/projects/webnest-f4392:testIamPermissions 200
[debug] [2023-10-03T19:40:28.310Z] <<< [apiv2][body] POST https://cloudresourcemanager.googleapis.com/v1/projects/webnest-f4392:testIamPermissions {"permissions":["cloudfunctions.functions.create","cloudfunctions.functions.delete","cloudfunctions.functions.get","cloudfunctions.functions.list","cloudfunctions.functions.update","cloudfunctions.operations.get","firebase.projects.get"]}
[debug] [2023-10-03T19:40:28.310Z] >>> [apiv2][query] POST https://iam.googleapis.com/v1/projects/webnest-f4392/serviceAccounts/webnest-f4392@appspot.gserviceaccount.com:testIamPermissions [none]
[debug] [2023-10-03T19:40:28.310Z] >>> [apiv2][body] POST https://iam.googleapis.com/v1/projects/webnest-f4392/serviceAccounts/webnest-f4392@appspot.gserviceaccount.com:testIamPermissions {"permissions":["iam.serviceAccounts.actAs"]}
[debug] [2023-10-03T19:40:28.494Z] <<< [apiv2][status] POST https://iam.googleapis.com/v1/projects/webnest-f4392/serviceAccounts/webnest-f4392@appspot.gserviceaccount.com:testIamPermissions 404
[debug] [2023-10-03T19:40:28.495Z] <<< [apiv2][body] POST https://iam.googleapis.com/v1/projects/webnest-f4392/serviceAccounts/webnest-f4392@appspot.gserviceaccount.com:testIamPermissions {"error":{"code":404,"message":"Unknown service account","status":"NOT_FOUND"}}
[debug] [2023-10-03T19:40:28.495Z] [functions] service account IAM check errored, deploy may fail: HTTP Error: 404, Unknown service account {"name":"FirebaseError","children":[],"context":{"body":{"error":{"code":404,"message":"Unknown service account","status":"NOT_FOUND"}},"response":{"statusCode":404}},"exit":1,"message":"HTTP Error: 404, Unknown service account","status":404}
[info] 
[info] === Deploying to 'webnest-f4392'...
[info] 
[info] i  deploying functions 
[debug] [2023-10-03T19:40:28.498Z] >>> [apiv2][query] GET https://firebase.googleapis.com/v1beta1/projects/webnest-f4392 [none]
[debug] [2023-10-03T19:40:28.684Z] <<< [apiv2][status] GET https://firebase.googleapis.com/v1beta1/projects/webnest-f4392 200
[debug] [2023-10-03T19:40:28.684Z] <<< [apiv2][body] GET https://firebase.googleapis.com/v1beta1/projects/webnest-f4392 {"projectId":"webnest-f4392","projectNumber":"232253787380","displayName":"Webnest","name":"projects/webnest-f4392","resources":{"hostingSite":"webnest-f4392"},"state":"ACTIVE","etag":"1_72d8ceb2-fa0a-4d9d-91e9-8e95f7e2650d"}
[info] i  functions: preparing codebase default for deployment 
[info] i  functions: ensuring required API cloudfunctions.googleapis.com is enabled... 
[info] i  functions: ensuring required API cloudbuild.googleapis.com is enabled... 
[info] i  artifactregistry: ensuring required API artifactregistry.googleapis.com is enabled... 
[debug] [2023-10-03T19:40:28.686Z] >>> [apiv2][query] GET https://serviceusage.googleapis.com/v1/projects/webnest-f4392/services/cloudfunctions.googleapis.com [none]
[debug] [2023-10-03T19:40:28.686Z] >>> [apiv2][(partial)header] GET https://serviceusage.googleapis.com/v1/projects/webnest-f4392/services/cloudfunctions.googleapis.com x-goog-quota-user=projects/webnest-f4392
[debug] [2023-10-03T19:40:28.687Z] >>> [apiv2][query] GET https://serviceusage.googleapis.com/v1/projects/webnest-f4392/services/runtimeconfig.googleapis.com [none]
[debug] [2023-10-03T19:40:28.687Z] >>> [apiv2][(partial)header] GET https://serviceusage.googleapis.com/v1/projects/webnest-f4392/services/runtimeconfig.googleapis.com x-goog-quota-user=projects/webnest-f4392
[debug] [2023-10-03T19:40:28.687Z] >>> [apiv2][query] GET https://serviceusage.googleapis.com/v1/projects/webnest-f4392/services/cloudbuild.googleapis.com [none]
[debug] [2023-10-03T19:40:28.687Z] >>> [apiv2][(partial)header] GET https://serviceusage.googleapis.com/v1/projects/webnest-f4392/services/cloudbuild.googleapis.com x-goog-quota-user=projects/webnest-f4392
[debug] [2023-10-03T19:40:28.688Z] >>> [apiv2][query] GET https://serviceusage.googleapis.com/v1/projects/webnest-f4392/services/artifactregistry.googleapis.com [none]
[debug] [2023-10-03T19:40:28.688Z] >>> [apiv2][(partial)header] GET https://serviceusage.googleapis.com/v1/projects/webnest-f4392/services/artifactregistry.googleapis.com x-goog-quota-user=projects/webnest-f4392
[debug] [2023-10-03T19:40:29.170Z] <<< [apiv2][status] GET https://serviceusage.googleapis.com/v1/projects/webnest-f4392/services/runtimeconfig.googleapis.com 200
[debug] [2023-10-03T19:40:29.170Z] <<< [apiv2][body] GET https://serviceusage.googleapis.com/v1/projects/webnest-f4392/services/runtimeconfig.googleapis.com [omitted]
[debug] [2023-10-03T19:40:29.173Z] <<< [apiv2][status] GET https://serviceusage.googleapis.com/v1/projects/webnest-f4392/services/cloudfunctions.googleapis.com 200
[debug] [2023-10-03T19:40:29.173Z] <<< [apiv2][body] GET https://serviceusage.googleapis.com/v1/projects/webnest-f4392/services/cloudfunctions.googleapis.com [omitted]
[info] +  functions: required API cloudfunctions.googleapis.com is enabled 
[debug] [2023-10-03T19:40:29.179Z] <<< [apiv2][status] GET https://serviceusage.googleapis.com/v1/projects/webnest-f4392/services/artifactregistry.googleapis.com 200
[debug] [2023-10-03T19:40:29.179Z] <<< [apiv2][body] GET https://serviceusage.googleapis.com/v1/projects/webnest-f4392/services/artifactregistry.googleapis.com [omitted]
[info] +  artifactregistry: required API artifactregistry.googleapis.com is enabled 
[debug] [2023-10-03T19:40:29.201Z] <<< [apiv2][status] GET https://serviceusage.googleapis.com/v1/projects/webnest-f4392/services/cloudbuild.googleapis.com 200
[debug] [2023-10-03T19:40:29.201Z] <<< [apiv2][body] GET https://serviceusage.googleapis.com/v1/projects/webnest-f4392/services/cloudbuild.googleapis.com [omitted]
[info] +  functions: required API cloudbuild.googleapis.com is enabled 
[debug] [2023-10-03T19:40:29.202Z] >>> [apiv2][query] GET https://firebase.googleapis.com/v1beta1/projects/webnest-f4392/adminSdkConfig [none]
[debug] [2023-10-03T19:40:29.461Z] <<< [apiv2][status] GET https://firebase.googleapis.com/v1beta1/projects/webnest-f4392/adminSdkConfig 200
[debug] [2023-10-03T19:40:29.461Z] <<< [apiv2][body] GET https://firebase.googleapis.com/v1beta1/projects/webnest-f4392/adminSdkConfig {"projectId":"webnest-f4392","storageBucket":"webnest-f4392.appspot.com"}
[debug] [2023-10-03T19:40:29.462Z] >>> [apiv2][query] GET https://runtimeconfig.googleapis.com/v1beta1/projects/webnest-f4392/configs [none]
[debug] [2023-10-03T19:40:29.730Z] <<< [apiv2][status] GET https://runtimeconfig.googleapis.com/v1beta1/projects/webnest-f4392/configs 200
[debug] [2023-10-03T19:40:29.730Z] <<< [apiv2][body] GET https://runtimeconfig.googleapis.com/v1beta1/projects/webnest-f4392/configs {}
[debug] [2023-10-03T19:40:29.731Z] Validating nodejs source
[debug] [2023-10-03T19:40:31.078Z] > [functions] package.json contents: {
  "name": "functions",
  "description": "Cloud Functions for Firebase",
  "scripts": {
    "serve": "firebase emulators:start --only functions",
    "shell": "firebase functions:shell",
    "start": "npm run shell",
    "deploy": "firebase deploy --only functions",
    "logs": "firebase functions:log"
  },
  "engines": {
    "node": "18"
  },
  "main": "index.js",
  "dependencies": {
    "firebase-admin": "^11.8.0",
    "firebase-functions": "^4.3.1"
  },
  "devDependencies": {
    "firebase-functions-test": "^3.1.0",
    "puppeteer": "^10.4.0"
  },
  "private": true
}
[debug] [2023-10-03T19:40:31.078Z] Building nodejs source
[info] i  functions: Loading and analyzing source code for codebase default to determine what to deploy 
[debug] [2023-10-03T19:40:31.079Z] Could not find functions.yaml. Must use http discovery
[debug] [2023-10-03T19:40:31.084Z] Found firebase-functions binary at 'D:\Github\webnest-ai\functions\node_modules\.bin\firebase-functions'
[info] Serving at port 8456

[debug] [2023-10-03T19:40:31.458Z] Got response from /__/functions.yaml {"endpoints":{"testDetectandScrape":{"availableMemoryMb":null,"timeoutSeconds":null,"minInstances":null,"maxInstances":null,"ingressSettings":null,"concurrency":null,"serviceAccountEmail":null,"vpc":null,"platform":"gcfv2","labels":{},"eventTrigger":{"eventType":"google.cloud.firestore.document.v1.created","eventFilters":{"database":"(default)","namespace":"(default)"},"eventFilterPathPatterns":{"document":"users/{userId}/pages/{documentId}"},"retry":false},"entryPoint":"testDetectandScrape"}},"specVersion":"v1alpha1","requiredAPIs":[]}
[info] shutdown requested via /__/quitquitquit

[info] i  functions: preparing functions directory for uploading... 
[info] i  functions: packaged D:\Github\webnest-ai\functions (70.44 KB) for uploading 
[debug] [2023-10-03T19:40:31.502Z] >>> [apiv2][query] GET https://cloudfunctions.googleapis.com/v1/projects/webnest-f4392/locations/-/functions [none]
[debug] [2023-10-03T19:40:31.908Z] <<< [apiv2][status] GET https://cloudfunctions.googleapis.com/v1/projects/webnest-f4392/locations/-/functions 200
[debug] [2023-10-03T19:40:31.908Z] <<< [apiv2][body] GET https://cloudfunctions.googleapis.com/v1/projects/webnest-f4392/locations/-/functions {}
[debug] [2023-10-03T19:40:31.908Z] >>> [apiv2][query] GET https://cloudfunctions.googleapis.com/v2/projects/webnest-f4392/locations/-/functions filter=environment%3D%22GEN_2%22
[debug] [2023-10-03T19:40:32.567Z] <<< [apiv2][status] GET https://cloudfunctions.googleapis.com/v2/projects/webnest-f4392/locations/-/functions 200
[debug] [2023-10-03T19:40:32.567Z] <<< [apiv2][body] GET https://cloudfunctions.googleapis.com/v2/projects/webnest-f4392/locations/-/functions {"functions":[{"name":"projects/webnest-f4392/locations/us-central1/functions/testDetect","buildConfig":{"build":"projects/232253787380/locations/us-central1/builds/af5032f7-ed6b-4122-adfd-585ec47861f0","runtime":"nodejs18","entryPoint":"testDetect","source":{"storageSource":{"bucket":"gcf-v2-sources-232253787380-us-central1","object":"testDetect/function-source.zip","generation":"1696359143116024"}},"environmentVariables":{"GOOGLE_NODE_RUN_SCRIPTS":""},"sourceProvenance":{"resolvedStorageSource":{"bucket":"gcf-v2-sources-232253787380-us-central1","object":"testDetect/function-source.zip","generation":"1696359143116024"}},"dockerRegistry":"ARTIFACT_REGISTRY"},"serviceConfig":{"service":"projects/webnest-f4392/locations/us-central1/services/testdetect","timeoutSeconds":60,"environmentVariables":{"FIREBASE_CONFIG":"{\"projectId\":\"webnest-f4392\",\"storageBucket\":\"webnest-f4392.appspot.com\"}","GCLOUD_PROJECT":"webnest-f4392","EVENTARC_CLOUD_EVENT_SOURCE":"projects/webnest-f4392/locations/us-central1/services/testDetect","FUNCTION_SIGNATURE_TYPE":"cloudevent","FUNCTION_TARGET":"testDetect"},"maxInstanceCount":100,"ingressSettings":"ALLOW_ALL","uri":"https://testdetect-qqypvi3mza-uc.a.run.app","serviceAccountEmail":"232253787380-compute@developer.gserviceaccount.com","availableMemory":"256Mi","allTrafficOnLatestRevision":true,"revision":"testdetect-00001-ric","maxInstanceRequestConcurrency":80,"availableCpu":"1"},"eventTrigger":{"trigger":"projects/webnest-f4392/locations/nam5/triggers/testdetect-096032","triggerRegion":"nam5","eventType":"google.cloud.firestore.document.v1.created","eventFilters":[{"attribute":"database","value":"(default)"},{"attribute":"namespace","value":"(default)"},{"attribute":"document","value":"users/{userId}/pages/{documentId}","operator":"match-path-pattern"}],"pubsubTopic":"projects/webnest-f4392/topics/eventarc-nam5-testdetect-096032-503","serviceAccountEmail":"232253787380-compute@developer.gserviceaccount.com","retryPolicy":"RETRY_POLICY_DO_NOT_RETRY"},"state":"ACTIVE","updateTime":"2023-10-03T18:53:43.367071375Z","labels":{"deployment-tool":"cli-firebase","firebase-functions-hash":"7c1bd079af540167804098c726e9cb19f3ba6d34"},"environment":"GEN_2","url":"https://us-central1-webnest-f4392.cloudfunctions.net/testDetect"}]}
[debug] [2023-10-03T19:40:32.569Z] >>> [apiv2][query] GET https://firestore.googleapis.com/v1/projects/webnest-f4392/databases/(default) [none]
[debug] [2023-10-03T19:40:32.966Z] <<< [apiv2][status] GET https://firestore.googleapis.com/v1/projects/webnest-f4392/databases/(default) 200
[debug] [2023-10-03T19:40:32.966Z] <<< [apiv2][body] GET https://firestore.googleapis.com/v1/projects/webnest-f4392/databases/(default) {"name":"projects/webnest-f4392/databases/(default)","uid":"9b26c048-1cb8-4d43-9b63-e59a80926ff5","createTime":"2023-10-02T06:04:20.282141Z","updateTime":"2023-10-02T06:04:20.282141Z","locationId":"nam5","type":"FIRESTORE_NATIVE","concurrencyMode":"PESSIMISTIC","versionRetentionPeriod":"3600s","earliestVersionTime":"2023-10-03T18:40:31.670614Z","appEngineIntegrationMode":"DISABLED","keyPrefix":"s","pointInTimeRecoveryEnablement":"POINT_IN_TIME_RECOVERY_DISABLED","deleteProtectionState":"DELETE_PROTECTION_DISABLED","etag":"ILmtu4LR2oEDMJHy3IDq2IED"}
[info] i  functions: ensuring required API run.googleapis.com is enabled... 
[info] i  functions: ensuring required API eventarc.googleapis.com is enabled... 
[info] i  functions: ensuring required API pubsub.googleapis.com is enabled... 
[info] i  functions: ensuring required API storage.googleapis.com is enabled... 
[debug] [2023-10-03T19:40:32.968Z] >>> [apiv2][query] GET https://serviceusage.googleapis.com/v1/projects/webnest-f4392/services/run.googleapis.com [none]
[debug] [2023-10-03T19:40:32.968Z] >>> [apiv2][(partial)header] GET https://serviceusage.googleapis.com/v1/projects/webnest-f4392/services/run.googleapis.com x-goog-quota-user=projects/webnest-f4392
[debug] [2023-10-03T19:40:32.969Z] >>> [apiv2][query] GET https://serviceusage.googleapis.com/v1/projects/webnest-f4392/services/eventarc.googleapis.com [none]
[debug] [2023-10-03T19:40:32.969Z] >>> [apiv2][(partial)header] GET https://serviceusage.googleapis.com/v1/projects/webnest-f4392/services/eventarc.googleapis.com x-goog-quota-user=projects/webnest-f4392
[debug] [2023-10-03T19:40:32.970Z] >>> [apiv2][query] GET https://serviceusage.googleapis.com/v1/projects/webnest-f4392/services/pubsub.googleapis.com [none]
[debug] [2023-10-03T19:40:32.970Z] >>> [apiv2][(partial)header] GET https://serviceusage.googleapis.com/v1/projects/webnest-f4392/services/pubsub.googleapis.com x-goog-quota-user=projects/webnest-f4392
[debug] [2023-10-03T19:40:32.971Z] >>> [apiv2][query] GET https://serviceusage.googleapis.com/v1/projects/webnest-f4392/services/storage.googleapis.com [none]
[debug] [2023-10-03T19:40:32.971Z] >>> [apiv2][(partial)header] GET https://serviceusage.googleapis.com/v1/projects/webnest-f4392/services/storage.googleapis.com x-goog-quota-user=projects/webnest-f4392
[debug] [2023-10-03T19:40:33.406Z] <<< [apiv2][status] GET https://serviceusage.googleapis.com/v1/projects/webnest-f4392/services/pubsub.googleapis.com 200
[debug] [2023-10-03T19:40:33.407Z] <<< [apiv2][body] GET https://serviceusage.googleapis.com/v1/projects/webnest-f4392/services/pubsub.googleapis.com [omitted]
[info] +  functions: required API pubsub.googleapis.com is enabled 
[debug] [2023-10-03T19:40:33.436Z] <<< [apiv2][status] GET https://serviceusage.googleapis.com/v1/projects/webnest-f4392/services/run.googleapis.com 200
[debug] [2023-10-03T19:40:33.436Z] <<< [apiv2][body] GET https://serviceusage.googleapis.com/v1/projects/webnest-f4392/services/run.googleapis.com [omitted]
[info] +  functions: required API run.googleapis.com is enabled 
[debug] [2023-10-03T19:40:33.440Z] <<< [apiv2][status] GET https://serviceusage.googleapis.com/v1/projects/webnest-f4392/services/eventarc.googleapis.com 200
[debug] [2023-10-03T19:40:33.440Z] <<< [apiv2][body] GET https://serviceusage.googleapis.com/v1/projects/webnest-f4392/services/eventarc.googleapis.com [omitted]
[info] +  functions: required API eventarc.googleapis.com is enabled 
[debug] [2023-10-03T19:40:33.441Z] <<< [apiv2][status] GET https://serviceusage.googleapis.com/v1/projects/webnest-f4392/services/storage.googleapis.com 200
[debug] [2023-10-03T19:40:33.441Z] <<< [apiv2][body] GET https://serviceusage.googleapis.com/v1/projects/webnest-f4392/services/storage.googleapis.com [omitted]
[info] +  functions: required API storage.googleapis.com is enabled 
[info] i  functions: generating the service identity for pubsub.googleapis.com... 
[info] i  functions: generating the service identity for eventarc.googleapis.com... 
[debug] [2023-10-03T19:40:33.442Z] >>> [apiv2][query] POST https://serviceusage.googleapis.com/v1beta1/projects/232253787380/services/pubsub.googleapis.com:generateServiceIdentity [none]
[debug] [2023-10-03T19:40:33.443Z] >>> [apiv2][query] POST https://serviceusage.googleapis.com/v1beta1/projects/232253787380/services/eventarc.googleapis.com:generateServiceIdentity [none]
[debug] [2023-10-03T19:40:34.343Z] <<< [apiv2][status] POST https://serviceusage.googleapis.com/v1beta1/projects/232253787380/services/pubsub.googleapis.com:generateServiceIdentity 200
[debug] [2023-10-03T19:40:34.343Z] <<< [apiv2][body] POST https://serviceusage.googleapis.com/v1beta1/projects/232253787380/services/pubsub.googleapis.com:generateServiceIdentity {"name":"operations/finished.DONE_OPERATION","done":true,"response":{"@type":"type.googleapis.com/google.api.serviceusage.v1beta1.ServiceIdentity","email":"service-232253787380@gcp-sa-pubsub.iam.gserviceaccount.com","uniqueId":"105898873989334262941"}}
[debug] [2023-10-03T19:40:34.351Z] <<< [apiv2][status] POST https://serviceusage.googleapis.com/v1beta1/projects/232253787380/services/eventarc.googleapis.com:generateServiceIdentity 200
[debug] [2023-10-03T19:40:34.351Z] <<< [apiv2][body] POST https://serviceusage.googleapis.com/v1beta1/projects/232253787380/services/eventarc.googleapis.com:generateServiceIdentity {"name":"operations/finished.DONE_OPERATION","done":true,"response":{"@type":"type.googleapis.com/google.api.serviceusage.v1beta1.ServiceIdentity","email":"service-232253787380@gcp-sa-eventarc.iam.gserviceaccount.com","uniqueId":"118090874493137542720"}}
[debug] [2023-10-03T19:40:34.352Z] >>> [apiv2][query] GET https://firebase.googleapis.com/v1beta1/projects/webnest-f4392 [none]
[debug] [2023-10-03T19:40:34.585Z] <<< [apiv2][status] GET https://firebase.googleapis.com/v1beta1/projects/webnest-f4392 200
[debug] [2023-10-03T19:40:34.585Z] <<< [apiv2][body] GET https://firebase.googleapis.com/v1beta1/projects/webnest-f4392 {"projectId":"webnest-f4392","projectNumber":"232253787380","displayName":"Webnest","name":"projects/webnest-f4392","resources":{"hostingSite":"webnest-f4392"},"state":"ACTIVE","etag":"1_72d8ceb2-fa0a-4d9d-91e9-8e95f7e2650d"}
[debug] [2023-10-03T19:40:34.586Z] >>> [apiv2][query] POST https://cloudfunctions.googleapis.com/v2/projects/webnest-f4392/locations/us-central1/functions:generateUploadUrl [none]
[debug] [2023-10-03T19:40:34.817Z] <<< [apiv2][status] POST https://cloudfunctions.googleapis.com/v2/projects/webnest-f4392/locations/us-central1/functions:generateUploadUrl 200
[debug] [2023-10-03T19:40:34.817Z] <<< [apiv2][body] POST https://cloudfunctions.googleapis.com/v2/projects/webnest-f4392/locations/us-central1/functions:generateUploadUrl {"uploadUrl":"https://storage.googleapis.com/gcf-v2-uploads-232253787380-us-central1/0fbacdcd-f37a-42db-9e19-86f21e70b77f.zip?GoogleAccessId=service-232253787380@gcf-admin-robot.iam.gserviceaccount.com&Expires=1696363833&Signature=X4phhl69EiZ%2FSvK1ulYHuzKlR%2BuoWvg3Kr3TPgd1O4yMqjw2SeN5tHN86Z%2FtR5ZjhkZ2kwqnA6wby5TK3rg7ew6OVSDc76IQ7duvcEomOvvFqwCLcJEm2ytNbYyvfYeQsuoo9rRrzK098FrzigKrkzVXC6OJ3o1petGBscjXYADP7M186QjPeVUYUhklGKhKBqkbxrUixXjnW%2BcmXHExbWnv5w0isX%2FMrS9w5PpHZOZHNil8%2B5J%2Fzn7x7S3t3MkkKnpA0%2BzGPgw1PW6%2Fq2RXcahdcriMgcQ%2BBQSdIho%2F8dgmoX0ZeOnDPwHE9Fxg32l5UJcIZKbW8GjQ6dUdopGlVQ%3D%3D","storageSource":{"bucket":"gcf-v2-uploads-232253787380-us-central1","object":"0fbacdcd-f37a-42db-9e19-86f21e70b77f.zip"}}
[debug] [2023-10-03T19:40:34.818Z] >>> [apiv2][query] PUT https://storage.googleapis.com/gcf-v2-uploads-232253787380-us-central1/0fbacdcd-f37a-42db-9e19-86f21e70b77f.zip GoogleAccessId=service-232253787380%40gcf-admin-robot.iam.gserviceaccount.com&Expires=1696363833&Signature=X4phhl69EiZ%2FSvK1ulYHuzKlR%2BuoWvg3Kr3TPgd1O4yMqjw2SeN5tHN86Z%2FtR5ZjhkZ2kwqnA6wby5TK3rg7ew6OVSDc76IQ7duvcEomOvvFqwCLcJEm2ytNbYyvfYeQsuoo9rRrzK098FrzigKrkzVXC6OJ3o1petGBscjXYADP7M186QjPeVUYUhklGKhKBqkbxrUixXjnW%2BcmXHExbWnv5w0isX%2FMrS9w5PpHZOZHNil8%2B5J%2Fzn7x7S3t3MkkKnpA0%2BzGPgw1PW6%2Fq2RXcahdcriMgcQ%2BBQSdIho%2F8dgmoX0ZeOnDPwHE9Fxg32l5UJcIZKbW8GjQ6dUdopGlVQ%3D%3D
[debug] [2023-10-03T19:40:34.818Z] >>> [apiv2][body] PUT https://storage.googleapis.com/gcf-v2-uploads-232253787380-us-central1/0fbacdcd-f37a-42db-9e19-86f21e70b77f.zip [stream]
[debug] [2023-10-03T19:40:35.151Z] <<< [apiv2][status] PUT https://storage.googleapis.com/gcf-v2-uploads-232253787380-us-central1/0fbacdcd-f37a-42db-9e19-86f21e70b77f.zip 200
[debug] [2023-10-03T19:40:35.151Z] <<< [apiv2][body] PUT https://storage.googleapis.com/gcf-v2-uploads-232253787380-us-central1/0fbacdcd-f37a-42db-9e19-86f21e70b77f.zip [omitted]
[info] +  functions: functions folder uploaded successfully 
[info] 
The following functions are found in your project but do not exist in your local source code:
	testDetect(us-central1)

If you are renaming a function or changing its region, it is recommended that you create the new function first before deleting the old one to prevent event loss. For more info, visit https://firebase.google.com/docs/functions/manage-functions#modify

[debug] [2023-10-03T19:41:41.698Z] ----------------------------------------------------------------------
[debug] [2023-10-03T19:41:41.700Z] Command:       C:\Program Files\nodejs\node.exe C:\Users\jcdos\AppData\Roaming\npm\node_modules\firebase-tools\lib\bin\firebase.js deploy --only functions
[debug] [2023-10-03T19:41:41.700Z] CLI Version:   12.6.1
[debug] [2023-10-03T19:41:41.700Z] Platform:      win32
[debug] [2023-10-03T19:41:41.700Z] Node Version:  v18.16.0
[debug] [2023-10-03T19:41:41.701Z] Time:          Tue Oct 03 2023 12:41:41 GMT-0700 (Pacific Daylight Time)
[debug] [2023-10-03T19:41:41.701Z] ----------------------------------------------------------------------
[debug] 
[debug] [2023-10-03T19:41:41.765Z] > command requires scopes: ["email","openid","https://www.googleapis.com/auth/cloudplatformprojects.readonly","https://www.googleapis.com/auth/firebase","https://www.googleapis.com/auth/cloud-platform"]
[debug] [2023-10-03T19:41:41.765Z] > authorizing via signed-in user (jdosaj@vurge.io)
[debug] [2023-10-03T19:41:41.766Z] [iam] checking project webnest-f4392 for permissions ["cloudfunctions.functions.create","cloudfunctions.functions.delete","cloudfunctions.functions.get","cloudfunctions.functions.list","cloudfunctions.functions.update","cloudfunctions.operations.get","firebase.projects.get"]
[debug] [2023-10-03T19:41:41.767Z] >>> [apiv2][query] POST https://cloudresourcemanager.googleapis.com/v1/projects/webnest-f4392:testIamPermissions [none]
[debug] [2023-10-03T19:41:41.768Z] >>> [apiv2][(partial)header] POST https://cloudresourcemanager.googleapis.com/v1/projects/webnest-f4392:testIamPermissions x-goog-quota-user=projects/webnest-f4392
[debug] [2023-10-03T19:41:41.768Z] >>> [apiv2][body] POST https://cloudresourcemanager.googleapis.com/v1/projects/webnest-f4392:testIamPermissions {"permissions":["cloudfunctions.functions.create","cloudfunctions.functions.delete","cloudfunctions.functions.get","cloudfunctions.functions.list","cloudfunctions.functions.update","cloudfunctions.operations.get","firebase.projects.get"]}
[debug] [2023-10-03T19:41:41.943Z] <<< [apiv2][status] POST https://cloudresourcemanager.googleapis.com/v1/projects/webnest-f4392:testIamPermissions 200
[debug] [2023-10-03T19:41:41.943Z] <<< [apiv2][body] POST https://cloudresourcemanager.googleapis.com/v1/projects/webnest-f4392:testIamPermissions {"permissions":["cloudfunctions.functions.create","cloudfunctions.functions.delete","cloudfunctions.functions.get","cloudfunctions.functions.list","cloudfunctions.functions.update","cloudfunctions.operations.get","firebase.projects.get"]}
[debug] [2023-10-03T19:41:41.944Z] >>> [apiv2][query] POST https://iam.googleapis.com/v1/projects/webnest-f4392/serviceAccounts/webnest-f4392@appspot.gserviceaccount.com:testIamPermissions [none]
[debug] [2023-10-03T19:41:41.944Z] >>> [apiv2][body] POST https://iam.googleapis.com/v1/projects/webnest-f4392/serviceAccounts/webnest-f4392@appspot.gserviceaccount.com:testIamPermissions {"permissions":["iam.serviceAccounts.actAs"]}
[debug] [2023-10-03T19:41:42.064Z] <<< [apiv2][status] POST https://iam.googleapis.com/v1/projects/webnest-f4392/serviceAccounts/webnest-f4392@appspot.gserviceaccount.com:testIamPermissions 404
[debug] [2023-10-03T19:41:42.065Z] <<< [apiv2][body] POST https://iam.googleapis.com/v1/projects/webnest-f4392/serviceAccounts/webnest-f4392@appspot.gserviceaccount.com:testIamPermissions {"error":{"code":404,"message":"Unknown service account","status":"NOT_FOUND"}}
[debug] [2023-10-03T19:41:42.065Z] [functions] service account IAM check errored, deploy may fail: HTTP Error: 404, Unknown service account {"name":"FirebaseError","children":[],"context":{"body":{"error":{"code":404,"message":"Unknown service account","status":"NOT_FOUND"}},"response":{"statusCode":404}},"exit":1,"message":"HTTP Error: 404, Unknown service account","status":404}
[info] 
[info] === Deploying to 'webnest-f4392'...
[info] 
[info] i  deploying functions 
[debug] [2023-10-03T19:41:42.068Z] >>> [apiv2][query] GET https://firebase.googleapis.com/v1beta1/projects/webnest-f4392 [none]
[debug] [2023-10-03T19:41:42.394Z] <<< [apiv2][status] GET https://firebase.googleapis.com/v1beta1/projects/webnest-f4392 200
[debug] [2023-10-03T19:41:42.394Z] <<< [apiv2][body] GET https://firebase.googleapis.com/v1beta1/projects/webnest-f4392 {"projectId":"webnest-f4392","projectNumber":"232253787380","displayName":"Webnest","name":"projects/webnest-f4392","resources":{"hostingSite":"webnest-f4392"},"state":"ACTIVE","etag":"1_72d8ceb2-fa0a-4d9d-91e9-8e95f7e2650d"}
[info] i  functions: preparing codebase default for deployment 
[info] i  functions: ensuring required API cloudfunctions.googleapis.com is enabled... 
[info] i  functions: ensuring required API cloudbuild.googleapis.com is enabled... 
[info] i  artifactregistry: ensuring required API artifactregistry.googleapis.com is enabled... 
[debug] [2023-10-03T19:41:42.396Z] >>> [apiv2][query] GET https://serviceusage.googleapis.com/v1/projects/webnest-f4392/services/cloudfunctions.googleapis.com [none]
[debug] [2023-10-03T19:41:42.396Z] >>> [apiv2][(partial)header] GET https://serviceusage.googleapis.com/v1/projects/webnest-f4392/services/cloudfunctions.googleapis.com x-goog-quota-user=projects/webnest-f4392
[debug] [2023-10-03T19:41:42.397Z] >>> [apiv2][query] GET https://serviceusage.googleapis.com/v1/projects/webnest-f4392/services/runtimeconfig.googleapis.com [none]
[debug] [2023-10-03T19:41:42.397Z] >>> [apiv2][(partial)header] GET https://serviceusage.googleapis.com/v1/projects/webnest-f4392/services/runtimeconfig.googleapis.com x-goog-quota-user=projects/webnest-f4392
[debug] [2023-10-03T19:41:42.397Z] >>> [apiv2][query] GET https://serviceusage.googleapis.com/v1/projects/webnest-f4392/services/cloudbuild.googleapis.com [none]
[debug] [2023-10-03T19:41:42.397Z] >>> [apiv2][(partial)header] GET https://serviceusage.googleapis.com/v1/projects/webnest-f4392/services/cloudbuild.googleapis.com x-goog-quota-user=projects/webnest-f4392
[debug] [2023-10-03T19:41:42.398Z] >>> [apiv2][query] GET https://serviceusage.googleapis.com/v1/projects/webnest-f4392/services/artifactregistry.googleapis.com [none]
[debug] [2023-10-03T19:41:42.398Z] >>> [apiv2][(partial)header] GET https://serviceusage.googleapis.com/v1/projects/webnest-f4392/services/artifactregistry.googleapis.com x-goog-quota-user=projects/webnest-f4392
[debug] [2023-10-03T19:41:42.863Z] <<< [apiv2][status] GET https://serviceusage.googleapis.com/v1/projects/webnest-f4392/services/cloudbuild.googleapis.com 200
[debug] [2023-10-03T19:41:42.863Z] <<< [apiv2][body] GET https://serviceusage.googleapis.com/v1/projects/webnest-f4392/services/cloudbuild.googleapis.com [omitted]
[info] +  functions: required API cloudbuild.googleapis.com is enabled 
[debug] [2023-10-03T19:41:42.868Z] <<< [apiv2][status] GET https://serviceusage.googleapis.com/v1/projects/webnest-f4392/services/artifactregistry.googleapis.com 200
[debug] [2023-10-03T19:41:42.868Z] <<< [apiv2][body] GET https://serviceusage.googleapis.com/v1/projects/webnest-f4392/services/artifactregistry.googleapis.com [omitted]
[info] +  artifactregistry: required API artifactregistry.googleapis.com is enabled 
[debug] [2023-10-03T19:41:42.868Z] <<< [apiv2][status] GET https://serviceusage.googleapis.com/v1/projects/webnest-f4392/services/cloudfunctions.googleapis.com 200
[debug] [2023-10-03T19:41:42.868Z] <<< [apiv2][body] GET https://serviceusage.googleapis.com/v1/projects/webnest-f4392/services/cloudfunctions.googleapis.com [omitted]
[info] +  functions: required API cloudfunctions.googleapis.com is enabled 
[debug] [2023-10-03T19:41:42.878Z] <<< [apiv2][status] GET https://serviceusage.googleapis.com/v1/projects/webnest-f4392/services/runtimeconfig.googleapis.com 200
[debug] [2023-10-03T19:41:42.879Z] <<< [apiv2][body] GET https://serviceusage.googleapis.com/v1/projects/webnest-f4392/services/runtimeconfig.googleapis.com [omitted]
[debug] [2023-10-03T19:41:42.879Z] >>> [apiv2][query] GET https://firebase.googleapis.com/v1beta1/projects/webnest-f4392/adminSdkConfig [none]
[debug] [2023-10-03T19:41:43.336Z] <<< [apiv2][status] GET https://firebase.googleapis.com/v1beta1/projects/webnest-f4392/adminSdkConfig 200
[debug] [2023-10-03T19:41:43.336Z] <<< [apiv2][body] GET https://firebase.googleapis.com/v1beta1/projects/webnest-f4392/adminSdkConfig {"projectId":"webnest-f4392","storageBucket":"webnest-f4392.appspot.com"}
[debug] [2023-10-03T19:41:43.337Z] >>> [apiv2][query] GET https://runtimeconfig.googleapis.com/v1beta1/projects/webnest-f4392/configs [none]
[debug] [2023-10-03T19:41:43.579Z] <<< [apiv2][status] GET https://runtimeconfig.googleapis.com/v1beta1/projects/webnest-f4392/configs 200
[debug] [2023-10-03T19:41:43.579Z] <<< [apiv2][body] GET https://runtimeconfig.googleapis.com/v1beta1/projects/webnest-f4392/configs {}
[debug] [2023-10-03T19:41:43.580Z] Validating nodejs source
[debug] [2023-10-03T19:41:44.806Z] > [functions] package.json contents: {
  "name": "functions",
  "description": "Cloud Functions for Firebase",
  "scripts": {
    "serve": "firebase emulators:start --only functions",
    "shell": "firebase functions:shell",
    "start": "npm run shell",
    "deploy": "firebase deploy --only functions",
    "logs": "firebase functions:log"
  },
  "engines": {
    "node": "18"
  },
  "main": "index.js",
  "dependencies": {
    "firebase-admin": "^11.8.0",
    "firebase-functions": "^4.3.1"
  },
  "devDependencies": {
    "firebase-functions-test": "^3.1.0",
    "puppeteer": "^10.4.0"
  },
  "private": true
}
[debug] [2023-10-03T19:41:44.807Z] Building nodejs source
[info] i  functions: Loading and analyzing source code for codebase default to determine what to deploy 
[debug] [2023-10-03T19:41:44.808Z] Could not find functions.yaml. Must use http discovery
[debug] [2023-10-03T19:41:44.813Z] Found firebase-functions binary at 'D:\Github\webnest-ai\functions\node_modules\.bin\firebase-functions'
[info] Serving at port 8052

[debug] [2023-10-03T19:41:45.189Z] Got response from /__/functions.yaml {"endpoints":{"testDetectandScrape":{"availableMemoryMb":null,"timeoutSeconds":null,"minInstances":null,"maxInstances":null,"ingressSettings":null,"concurrency":null,"serviceAccountEmail":null,"vpc":null,"platform":"gcfv2","labels":{},"eventTrigger":{"eventType":"google.cloud.firestore.document.v1.created","eventFilters":{"database":"(default)","namespace":"(default)"},"eventFilterPathPatterns":{"document":"users/{userId}/pages/{documentId}"},"retry":false},"entryPoint":"testDetectandScrape"}},"specVersion":"v1alpha1","requiredAPIs":[]}
[info] shutdown requested via /__/quitquitquit

[info] i  functions: preparing functions directory for uploading... 
[info] i  functions: packaged D:\Github\webnest-ai\functions (70.44 KB) for uploading 
[debug] [2023-10-03T19:41:45.233Z] >>> [apiv2][query] GET https://cloudfunctions.googleapis.com/v1/projects/webnest-f4392/locations/-/functions [none]
[debug] [2023-10-03T19:41:45.680Z] <<< [apiv2][status] GET https://cloudfunctions.googleapis.com/v1/projects/webnest-f4392/locations/-/functions 200
[debug] [2023-10-03T19:41:45.680Z] <<< [apiv2][body] GET https://cloudfunctions.googleapis.com/v1/projects/webnest-f4392/locations/-/functions {}
[debug] [2023-10-03T19:41:45.681Z] >>> [apiv2][query] GET https://cloudfunctions.googleapis.com/v2/projects/webnest-f4392/locations/-/functions filter=environment%3D%22GEN_2%22
[debug] [2023-10-03T19:41:46.322Z] <<< [apiv2][status] GET https://cloudfunctions.googleapis.com/v2/projects/webnest-f4392/locations/-/functions 200
[debug] [2023-10-03T19:41:46.322Z] <<< [apiv2][body] GET https://cloudfunctions.googleapis.com/v2/projects/webnest-f4392/locations/-/functions {}
[debug] [2023-10-03T19:41:46.323Z] >>> [apiv2][query] GET https://firestore.googleapis.com/v1/projects/webnest-f4392/databases/(default) [none]
[debug] [2023-10-03T19:41:46.749Z] <<< [apiv2][status] GET https://firestore.googleapis.com/v1/projects/webnest-f4392/databases/(default) 200
[debug] [2023-10-03T19:41:46.749Z] <<< [apiv2][body] GET https://firestore.googleapis.com/v1/projects/webnest-f4392/databases/(default) {"name":"projects/webnest-f4392/databases/(default)","uid":"9b26c048-1cb8-4d43-9b63-e59a80926ff5","createTime":"2023-10-02T06:04:20.282141Z","updateTime":"2023-10-02T06:04:20.282141Z","locationId":"nam5","type":"FIRESTORE_NATIVE","concurrencyMode":"PESSIMISTIC","versionRetentionPeriod":"3600s","earliestVersionTime":"2023-10-03T18:41:45.452163Z","appEngineIntegrationMode":"DISABLED","keyPrefix":"s","pointInTimeRecoveryEnablement":"POINT_IN_TIME_RECOVERY_DISABLED","deleteProtectionState":"DELETE_PROTECTION_DISABLED","etag":"ILPl0qXR2oEDMJHy3IDq2IED"}
[info] i  functions: ensuring required API run.googleapis.com is enabled... 
[info] i  functions: ensuring required API eventarc.googleapis.com is enabled... 
[info] i  functions: ensuring required API pubsub.googleapis.com is enabled... 
[info] i  functions: ensuring required API storage.googleapis.com is enabled... 
[debug] [2023-10-03T19:41:46.751Z] >>> [apiv2][query] GET https://serviceusage.googleapis.com/v1/projects/webnest-f4392/services/run.googleapis.com [none]
[debug] [2023-10-03T19:41:46.751Z] >>> [apiv2][(partial)header] GET https://serviceusage.googleapis.com/v1/projects/webnest-f4392/services/run.googleapis.com x-goog-quota-user=projects/webnest-f4392
[debug] [2023-10-03T19:41:46.752Z] >>> [apiv2][query] GET https://serviceusage.googleapis.com/v1/projects/webnest-f4392/services/eventarc.googleapis.com [none]
[debug] [2023-10-03T19:41:46.752Z] >>> [apiv2][(partial)header] GET https://serviceusage.googleapis.com/v1/projects/webnest-f4392/services/eventarc.googleapis.com x-goog-quota-user=projects/webnest-f4392
[debug] [2023-10-03T19:41:46.753Z] >>> [apiv2][query] GET https://serviceusage.googleapis.com/v1/projects/webnest-f4392/services/pubsub.googleapis.com [none]
[debug] [2023-10-03T19:41:46.753Z] >>> [apiv2][(partial)header] GET https://serviceusage.googleapis.com/v1/projects/webnest-f4392/services/pubsub.googleapis.com x-goog-quota-user=projects/webnest-f4392
[debug] [2023-10-03T19:41:46.754Z] >>> [apiv2][query] GET https://serviceusage.googleapis.com/v1/projects/webnest-f4392/services/storage.googleapis.com [none]
[debug] [2023-10-03T19:41:46.754Z] >>> [apiv2][(partial)header] GET https://serviceusage.googleapis.com/v1/projects/webnest-f4392/services/storage.googleapis.com x-goog-quota-user=projects/webnest-f4392
[debug] [2023-10-03T19:41:47.208Z] <<< [apiv2][status] GET https://serviceusage.googleapis.com/v1/projects/webnest-f4392/services/eventarc.googleapis.com 200
[debug] [2023-10-03T19:41:47.208Z] <<< [apiv2][body] GET https://serviceusage.googleapis.com/v1/projects/webnest-f4392/services/eventarc.googleapis.com [omitted]
[info] +  functions: required API eventarc.googleapis.com is enabled 
[debug] [2023-10-03T19:41:47.245Z] <<< [apiv2][status] GET https://serviceusage.googleapis.com/v1/projects/webnest-f4392/services/pubsub.googleapis.com 200
[debug] [2023-10-03T19:41:47.245Z] <<< [apiv2][body] GET https://serviceusage.googleapis.com/v1/projects/webnest-f4392/services/pubsub.googleapis.com [omitted]
[info] +  functions: required API pubsub.googleapis.com is enabled 
[debug] [2023-10-03T19:41:47.246Z] <<< [apiv2][status] GET https://serviceusage.googleapis.com/v1/projects/webnest-f4392/services/storage.googleapis.com 200
[debug] [2023-10-03T19:41:47.246Z] <<< [apiv2][body] GET https://serviceusage.googleapis.com/v1/projects/webnest-f4392/services/storage.googleapis.com [omitted]
[info] +  functions: required API storage.googleapis.com is enabled 
[debug] [2023-10-03T19:41:47.256Z] <<< [apiv2][status] GET https://serviceusage.googleapis.com/v1/projects/webnest-f4392/services/run.googleapis.com 200
[debug] [2023-10-03T19:41:47.256Z] <<< [apiv2][body] GET https://serviceusage.googleapis.com/v1/projects/webnest-f4392/services/run.googleapis.com [omitted]
[info] +  functions: required API run.googleapis.com is enabled 
[info] i  functions: generating the service identity for pubsub.googleapis.com... 
[info] i  functions: generating the service identity for eventarc.googleapis.com... 
[debug] [2023-10-03T19:41:47.256Z] >>> [apiv2][query] POST https://serviceusage.googleapis.com/v1beta1/projects/232253787380/services/pubsub.googleapis.com:generateServiceIdentity [none]
[debug] [2023-10-03T19:41:47.258Z] >>> [apiv2][query] POST https://serviceusage.googleapis.com/v1beta1/projects/232253787380/services/eventarc.googleapis.com:generateServiceIdentity [none]
[debug] [2023-10-03T19:41:47.760Z] <<< [apiv2][status] POST https://serviceusage.googleapis.com/v1beta1/projects/232253787380/services/pubsub.googleapis.com:generateServiceIdentity 200
[debug] [2023-10-03T19:41:47.760Z] <<< [apiv2][body] POST https://serviceusage.googleapis.com/v1beta1/projects/232253787380/services/pubsub.googleapis.com:generateServiceIdentity {"name":"operations/finished.DONE_OPERATION","done":true,"response":{"@type":"type.googleapis.com/google.api.serviceusage.v1beta1.ServiceIdentity","email":"service-232253787380@gcp-sa-pubsub.iam.gserviceaccount.com","uniqueId":"105898873989334262941"}}
[debug] [2023-10-03T19:41:48.025Z] <<< [apiv2][status] POST https://serviceusage.googleapis.com/v1beta1/projects/232253787380/services/eventarc.googleapis.com:generateServiceIdentity 200
[debug] [2023-10-03T19:41:48.025Z] <<< [apiv2][body] POST https://serviceusage.googleapis.com/v1beta1/projects/232253787380/services/eventarc.googleapis.com:generateServiceIdentity {"name":"operations/finished.DONE_OPERATION","done":true,"response":{"@type":"type.googleapis.com/google.api.serviceusage.v1beta1.ServiceIdentity","email":"service-232253787380@gcp-sa-eventarc.iam.gserviceaccount.com","uniqueId":"118090874493137542720"}}
[debug] [2023-10-03T19:41:48.026Z] >>> [apiv2][query] POST https://cloudresourcemanager.googleapis.com/v1/projects/232253787380:getIamPolicy [none]
[debug] [2023-10-03T19:41:48.279Z] <<< [apiv2][status] POST https://cloudresourcemanager.googleapis.com/v1/projects/232253787380:getIamPolicy 200
[debug] [2023-10-03T19:41:48.279Z] <<< [apiv2][body] POST https://cloudresourcemanager.googleapis.com/v1/projects/232253787380:getIamPolicy {"version":1,"etag":"BwYGxqQPHLY=","bindings":[{"role":"roles/artifactregistry.serviceAgent","members":["serviceAccount:service-232253787380@gcp-sa-artifactregistry.iam.gserviceaccount.com"]},{"role":"roles/cloudbuild.builds.builder","members":["serviceAccount:232253787380@cloudbuild.gserviceaccount.com"]},{"role":"roles/cloudbuild.serviceAgent","members":["serviceAccount:service-232253787380@gcp-sa-cloudbuild.iam.gserviceaccount.com"]},{"role":"roles/cloudfunctions.admin","members":["serviceAccount:firebase-adminsdk-dn2d7@webnest-f4392.iam.gserviceaccount.com"]},{"role":"roles/cloudfunctions.serviceAgent","members":["serviceAccount:service-232253787380@gcf-admin-robot.iam.gserviceaccount.com"]},{"role":"roles/containerregistry.ServiceAgent","members":["serviceAccount:service-232253787380@containerregistry.iam.gserviceaccount.com"]},{"role":"roles/editor","members":["serviceAccount:232253787380-compute@developer.gserviceaccount.com"]},{"role":"roles/eventarc.eventReceiver","members":["serviceAccount:232253787380-compute@developer.gserviceaccount.com"]},{"role":"roles/eventarc.serviceAgent","members":["serviceAccount:service-232253787380@gcp-sa-eventarc.iam.gserviceaccount.com"]},{"role":"roles/firebase.managementServiceAgent","members":["serviceAccount:firebase-service-account@firebase-sa-management.iam.gserviceaccount.com","serviceAccount:service-232253787380@gcp-sa-firebase.iam.gserviceaccount.com"]},{"role":"roles/firebase.sdkAdminServiceAgent","members":["serviceAccount:firebase-adminsdk-dn2d7@webnest-f4392.iam.gserviceaccount.com"]},{"role":"roles/firebaseauth.admin","members":["serviceAccount:firebase-adminsdk-dn2d7@webnest-f4392.iam.gserviceaccount.com"]},{"role":"roles/firebaserules.system","members":["serviceAccount:service-232253787380@firebase-rules.iam.gserviceaccount.com"]},{"role":"roles/firestore.serviceAgent","members":["serviceAccount:service-232253787380@gcp-sa-firestore.iam.gserviceaccount.com"]},{"role":"roles/iam.serviceAccountTokenCreator","members":["serviceAccount:firebase-adminsdk-dn2d7@webnest-f4392.iam.gserviceaccount.com","serviceAccount:service-232253787380@gcp-sa-pubsub.iam.gserviceaccount.com"]},{"role":"roles/owner","members":["user:jdosaj@vurge.io"]},{"role":"roles/pubsub.serviceAgent","members":["serviceAccount:service-232253787380@gcp-sa-pubsub.iam.gserviceaccount.com"]},{"role":"roles/run.invoker","members":["serviceAccount:232253787380-compute@developer.gserviceaccount.com"]},{"role":"roles/run.serviceAgent","members":["serviceAccount:service-232253787380@serverless-robot-prod.iam.gserviceaccount.com"]}]}
[debug] [2023-10-03T19:41:48.280Z] >>> [apiv2][query] GET https://firebase.googleapis.com/v1beta1/projects/webnest-f4392 [none]
[debug] [2023-10-03T19:41:48.490Z] <<< [apiv2][status] GET https://firebase.googleapis.com/v1beta1/projects/webnest-f4392 200
[debug] [2023-10-03T19:41:48.490Z] <<< [apiv2][body] GET https://firebase.googleapis.com/v1beta1/projects/webnest-f4392 {"projectId":"webnest-f4392","projectNumber":"232253787380","displayName":"Webnest","name":"projects/webnest-f4392","resources":{"hostingSite":"webnest-f4392"},"state":"ACTIVE","etag":"1_72d8ceb2-fa0a-4d9d-91e9-8e95f7e2650d"}
[debug] [2023-10-03T19:41:48.491Z] >>> [apiv2][query] POST https://cloudfunctions.googleapis.com/v2/projects/webnest-f4392/locations/us-central1/functions:generateUploadUrl [none]
[debug] [2023-10-03T19:41:48.956Z] <<< [apiv2][status] POST https://cloudfunctions.googleapis.com/v2/projects/webnest-f4392/locations/us-central1/functions:generateUploadUrl 200
[debug] [2023-10-03T19:41:48.956Z] <<< [apiv2][body] POST https://cloudfunctions.googleapis.com/v2/projects/webnest-f4392/locations/us-central1/functions:generateUploadUrl {"uploadUrl":"https://storage.googleapis.com/gcf-v2-uploads-232253787380-us-central1/30a9e2ae-12ab-49c0-ab9f-fcd97025b413.zip?GoogleAccessId=service-232253787380@gcf-admin-robot.iam.gserviceaccount.com&Expires=1696363907&Signature=dTkIqK1VVI3uIwnS479yu0n9KzOLjyF2VhFFl%2Bwiu2D4QhpqWy6Bt2PdWuPu%2FTVZVLzTHh0qlERMkfQbMWRQHB3cmeZzIXEL%2FKv2tSFBOWpbgqP8%2FkHW9enVsyjuvn6etS6%2Bht%2BaWEQi41u0lBdpLJ%2FXkEEyUot8QoapEaA6hOUosarFGrFqG8GBzbQDeBLvUpn0WTwmbAu%2F32iN6wLIdZE6RGK%2BCpZ%2BrOThJ4KSzgqXv3O61d%2Fk3XAci6zgBz43xf60DrDsGvNQ7yu8gWn%2BjbEbrgwbxAfxTrDTL%2BrF84zYUnhniGA0zLbm3ERKt%2BoyRwziZFLUkqJpJ1NIRWWy6A%3D%3D","storageSource":{"bucket":"gcf-v2-uploads-232253787380-us-central1","object":"30a9e2ae-12ab-49c0-ab9f-fcd97025b413.zip"}}
[debug] [2023-10-03T19:41:48.957Z] >>> [apiv2][query] PUT https://storage.googleapis.com/gcf-v2-uploads-232253787380-us-central1/30a9e2ae-12ab-49c0-ab9f-fcd97025b413.zip GoogleAccessId=service-232253787380%40gcf-admin-robot.iam.gserviceaccount.com&Expires=1696363907&Signature=dTkIqK1VVI3uIwnS479yu0n9KzOLjyF2VhFFl%2Bwiu2D4QhpqWy6Bt2PdWuPu%2FTVZVLzTHh0qlERMkfQbMWRQHB3cmeZzIXEL%2FKv2tSFBOWpbgqP8%2FkHW9enVsyjuvn6etS6%2Bht%2BaWEQi41u0lBdpLJ%2FXkEEyUot8QoapEaA6hOUosarFGrFqG8GBzbQDeBLvUpn0WTwmbAu%2F32iN6wLIdZE6RGK%2BCpZ%2BrOThJ4KSzgqXv3O61d%2Fk3XAci6zgBz43xf60DrDsGvNQ7yu8gWn%2BjbEbrgwbxAfxTrDTL%2BrF84zYUnhniGA0zLbm3ERKt%2BoyRwziZFLUkqJpJ1NIRWWy6A%3D%3D
[debug] [2023-10-03T19:41:48.957Z] >>> [apiv2][body] PUT https://storage.googleapis.com/gcf-v2-uploads-232253787380-us-central1/30a9e2ae-12ab-49c0-ab9f-fcd97025b413.zip [stream]
[debug] [2023-10-03T19:41:49.269Z] <<< [apiv2][status] PUT https://storage.googleapis.com/gcf-v2-uploads-232253787380-us-central1/30a9e2ae-12ab-49c0-ab9f-fcd97025b413.zip 200
[debug] [2023-10-03T19:41:49.269Z] <<< [apiv2][body] PUT https://storage.googleapis.com/gcf-v2-uploads-232253787380-us-central1/30a9e2ae-12ab-49c0-ab9f-fcd97025b413.zip [omitted]
[info] +  functions: functions folder uploaded successfully 
[info] i  functions: creating Node.js 18 (2nd Gen) function testDetectandScrape(us-central1)... 
[debug] [2023-10-03T19:41:49.273Z] >>> [apiv2][query] POST https://cloudfunctions.googleapis.com/v2/projects/webnest-f4392/locations/us-central1/functions functionId=testDetectandScrape
[debug] [2023-10-03T19:41:49.273Z] >>> [apiv2][body] POST https://cloudfunctions.googleapis.com/v2/projects/webnest-f4392/locations/us-central1/functions {"name":"projects/webnest-f4392/locations/us-central1/functions/testDetectandScrape","buildConfig":{"runtime":"nodejs18","entryPoint":"testDetectandScrape","source":{"storageSource":{"bucket":"gcf-v2-uploads-232253787380-us-central1","object":"30a9e2ae-12ab-49c0-ab9f-fcd97025b413.zip"}},"environmentVariables":{"GOOGLE_NODE_RUN_SCRIPTS":""}},"serviceConfig":{"environmentVariables":{"FIREBASE_CONFIG":"{\"projectId\":\"webnest-f4392\",\"storageBucket\":\"webnest-f4392.appspot.com\"}","GCLOUD_PROJECT":"webnest-f4392","EVENTARC_CLOUD_EVENT_SOURCE":"projects/webnest-f4392/locations/us-central1/services/testDetectandScrape","FUNCTION_SIGNATURE_TYPE":"cloudevent","FUNCTION_TARGET":"testDetectandScrape"},"ingressSettings":null,"timeoutSeconds":null,"serviceAccountEmail":null,"availableMemory":"256Mi","minInstanceCount":null,"maxInstanceCount":null,"maxInstanceRequestConcurrency":80,"availableCpu":"1","vpcConnector":null,"vpcConnectorEgressSettings":null},"labels":{"deployment-tool":"cli-firebase","firebase-functions-hash":"ceaad108bc48592f8a6dcda19f576a33a64198cf"},"eventTrigger":{"eventType":"google.cloud.firestore.document.v1.created","retryPolicy":"RETRY_POLICY_DO_NOT_RETRY","eventFilters":[{"attribute":"database","value":"(default)"},{"attribute":"namespace","value":"(default)"},{"attribute":"document","value":"users/{userId}/pages/{documentId}","operator":"match-path-pattern"}],"triggerRegion":"nam5"}}
[debug] [2023-10-03T19:41:49.847Z] <<< [apiv2][status] POST https://cloudfunctions.googleapis.com/v2/projects/webnest-f4392/locations/us-central1/functions 200
[debug] [2023-10-03T19:41:49.847Z] <<< [apiv2][body] POST https://cloudfunctions.googleapis.com/v2/projects/webnest-f4392/locations/us-central1/functions {"name":"projects/webnest-f4392/locations/us-central1/operations/operation-1696362108139-606d514ddb6af-7957527d-5b9cdcdb","metadata":{"@type":"type.googleapis.com/google.cloud.functions.v2.OperationMetadata","createTime":"2023-10-03T19:41:48.521895924Z","target":"projects/webnest-f4392/locations/us-central1/functions/testDetectandScrape","verb":"create","cancelRequested":false,"apiVersion":"v2"},"done":false}
[debug] [2023-10-03T19:41:49.848Z] >>> [apiv2][query] GET https://cloudfunctions.googleapis.com/v2/projects/webnest-f4392/locations/us-central1/operations/operation-1696362108139-606d514ddb6af-7957527d-5b9cdcdb [none]
[debug] [2023-10-03T19:41:50.226Z] <<< [apiv2][status] GET https://cloudfunctions.googleapis.com/v2/projects/webnest-f4392/locations/us-central1/operations/operation-1696362108139-606d514ddb6af-7957527d-5b9cdcdb 200
[debug] [2023-10-03T19:41:50.226Z] <<< [apiv2][body] GET https://cloudfunctions.googleapis.com/v2/projects/webnest-f4392/locations/us-central1/operations/operation-1696362108139-606d514ddb6af-7957527d-5b9cdcdb {"name":"projects/webnest-f4392/locations/us-central1/operations/operation-1696362108139-606d514ddb6af-7957527d-5b9cdcdb","metadata":{"@type":"type.googleapis.com/google.cloud.functions.v2.OperationMetadata","createTime":"2023-10-03T19:41:48.521895924Z","target":"projects/webnest-f4392/locations/us-central1/functions/testDetectandScrape","verb":"create","cancelRequested":false,"apiVersion":"v2","requestResource":{"@type":"type.googleapis.com/google.cloud.functions.v2.Function","name":"projects/webnest-f4392/locations/us-central1/functions/testDetectandScrape","buildConfig":{"runtime":"nodejs18","entryPoint":"testDetectandScrape","source":{"storageSource":{"bucket":"gcf-v2-sources-232253787380-us-central1","object":"testDetectandScrape/function-source.zip","generation":"1696362108304801"}},"environmentVariables":{"GOOGLE_NODE_RUN_SCRIPTS":""}},"serviceConfig":{"service":"projects/webnest-f4392/locations/us-central1/services/testdetectandscrape","timeoutSeconds":60,"environmentVariables":{"FIREBASE_CONFIG":"{\"projectId\":\"webnest-f4392\",\"storageBucket\":\"webnest-f4392.appspot.com\"}","GCLOUD_PROJECT":"webnest-f4392","EVENTARC_CLOUD_EVENT_SOURCE":"projects/webnest-f4392/locations/us-central1/services/testDetectandScrape","FUNCTION_SIGNATURE_TYPE":"cloudevent","FUNCTION_TARGET":"testDetectandScrape"},"maxInstanceCount":100,"ingressSettings":"ALLOW_ALL","serviceAccountEmail":"232253787380-compute@developer.gserviceaccount.com","availableMemory":"256Mi","maxInstanceRequestConcurrency":80,"availableCpu":"1"},"eventTrigger":{"trigger":"projects/webnest-f4392/locations/nam5/triggers/testdetectandscrape-805300","triggerRegion":"nam5","eventType":"google.cloud.firestore.document.v1.created","eventFilters":[{"attribute":"database","value":"(default)"},{"attribute":"namespace","value":"(default)"},{"attribute":"document","value":"users/{userId}/pages/{documentId}","operator":"match-path-pattern"}],"serviceAccountEmail":"232253787380-compute@developer.gserviceaccount.com","retryPolicy":"RETRY_POLICY_DO_NOT_RETRY"},"labels":{"deployment-tool":"cli-firebase","firebase-functions-hash":"ceaad108bc48592f8a6dcda19f576a33a64198cf"},"environment":"GEN_2"},"stages":[{"name":"BUILD","state":"NOT_STARTED"},{"name":"SERVICE","state":"NOT_STARTED"},{"name":"TRIGGER","state":"NOT_STARTED"}]},"done":false}
[debug] [2023-10-03T19:41:50.732Z] [create-default-us-central1-testDetectandScrape] Retrying task index 0
[debug] [2023-10-03T19:41:50.732Z] >>> [apiv2][query] GET https://cloudfunctions.googleapis.com/v2/projects/webnest-f4392/locations/us-central1/operations/operation-1696362108139-606d514ddb6af-7957527d-5b9cdcdb [none]
[debug] [2023-10-03T19:41:51.101Z] <<< [apiv2][status] GET https://cloudfunctions.googleapis.com/v2/projects/webnest-f4392/locations/us-central1/operations/operation-1696362108139-606d514ddb6af-7957527d-5b9cdcdb 200
[debug] [2023-10-03T19:41:51.101Z] <<< [apiv2][body] GET https://cloudfunctions.googleapis.com/v2/projects/webnest-f4392/locations/us-central1/operations/operation-1696362108139-606d514ddb6af-7957527d-5b9cdcdb {"name":"projects/webnest-f4392/locations/us-central1/operations/operation-1696362108139-606d514ddb6af-7957527d-5b9cdcdb","metadata":{"@type":"type.googleapis.com/google.cloud.functions.v2.OperationMetadata","createTime":"2023-10-03T19:41:48.521895924Z","target":"projects/webnest-f4392/locations/us-central1/functions/testDetectandScrape","verb":"create","cancelRequested":false,"apiVersion":"v2","requestResource":{"@type":"type.googleapis.com/google.cloud.functions.v2.Function","name":"projects/webnest-f4392/locations/us-central1/functions/testDetectandScrape","buildConfig":{"runtime":"nodejs18","entryPoint":"testDetectandScrape","source":{"storageSource":{"bucket":"gcf-v2-sources-232253787380-us-central1","object":"testDetectandScrape/function-source.zip","generation":"1696362108304801"}},"environmentVariables":{"GOOGLE_NODE_RUN_SCRIPTS":""}},"serviceConfig":{"service":"projects/webnest-f4392/locations/us-central1/services/testdetectandscrape","timeoutSeconds":60,"environmentVariables":{"FIREBASE_CONFIG":"{\"projectId\":\"webnest-f4392\",\"storageBucket\":\"webnest-f4392.appspot.com\"}","GCLOUD_PROJECT":"webnest-f4392","EVENTARC_CLOUD_EVENT_SOURCE":"projects/webnest-f4392/locations/us-central1/services/testDetectandScrape","FUNCTION_SIGNATURE_TYPE":"cloudevent","FUNCTION_TARGET":"testDetectandScrape"},"maxInstanceCount":100,"ingressSettings":"ALLOW_ALL","serviceAccountEmail":"232253787380-compute@developer.gserviceaccount.com","availableMemory":"256Mi","maxInstanceRequestConcurrency":80,"availableCpu":"1"},"eventTrigger":{"trigger":"projects/webnest-f4392/locations/nam5/triggers/testdetectandscrape-805300","triggerRegion":"nam5","eventType":"google.cloud.firestore.document.v1.created","eventFilters":[{"attribute":"database","value":"(default)"},{"attribute":"namespace","value":"(default)"},{"attribute":"document","value":"users/{userId}/pages/{documentId}","operator":"match-path-pattern"}],"serviceAccountEmail":"232253787380-compute@developer.gserviceaccount.com","retryPolicy":"RETRY_POLICY_DO_NOT_RETRY"},"labels":{"deployment-tool":"cli-firebase","firebase-functions-hash":"ceaad108bc48592f8a6dcda19f576a33a64198cf"},"environment":"GEN_2"},"stages":[{"name":"BUILD","message":"Build in progress","state":"IN_PROGRESS","resource":"projects/232253787380/locations/us-central1/builds/fe4e0dd1-d3ac-4ca2-9da4-e0eb51d702fb","resourceUri":"https://console.cloud.google.com/cloud-build/builds;region=us-central1/fe4e0dd1-d3ac-4ca2-9da4-e0eb51d702fb?project=232253787380"},{"name":"SERVICE","state":"NOT_STARTED"},{"name":"TRIGGER","state":"NOT_STARTED"}]},"done":false}
[debug] [2023-10-03T19:41:52.104Z] [create-default-us-central1-testDetectandScrape] Retrying task index 0
[debug] [2023-10-03T19:41:52.104Z] >>> [apiv2][query] GET https://cloudfunctions.googleapis.com/v2/projects/webnest-f4392/locations/us-central1/operations/operation-1696362108139-606d514ddb6af-7957527d-5b9cdcdb [none]
[debug] [2023-10-03T19:41:52.483Z] <<< [apiv2][status] GET https://cloudfunctions.googleapis.com/v2/projects/webnest-f4392/locations/us-central1/operations/operation-1696362108139-606d514ddb6af-7957527d-5b9cdcdb 200
[debug] [2023-10-03T19:41:52.483Z] <<< [apiv2][body] GET https://cloudfunctions.googleapis.com/v2/projects/webnest-f4392/locations/us-central1/operations/operation-1696362108139-606d514ddb6af-7957527d-5b9cdcdb {"name":"projects/webnest-f4392/locations/us-central1/operations/operation-1696362108139-606d514ddb6af-7957527d-5b9cdcdb","metadata":{"@type":"type.googleapis.com/google.cloud.functions.v2.OperationMetadata","createTime":"2023-10-03T19:41:48.521895924Z","target":"projects/webnest-f4392/locations/us-central1/functions/testDetectandScrape","verb":"create","cancelRequested":false,"apiVersion":"v2","requestResource":{"@type":"type.googleapis.com/google.cloud.functions.v2.Function","name":"projects/webnest-f4392/locations/us-central1/functions/testDetectandScrape","buildConfig":{"runtime":"nodejs18","entryPoint":"testDetectandScrape","source":{"storageSource":{"bucket":"gcf-v2-sources-232253787380-us-central1","object":"testDetectandScrape/function-source.zip","generation":"1696362108304801"}},"environmentVariables":{"GOOGLE_NODE_RUN_SCRIPTS":""}},"serviceConfig":{"service":"projects/webnest-f4392/locations/us-central1/services/testdetectandscrape","timeoutSeconds":60,"environmentVariables":{"FIREBASE_CONFIG":"{\"projectId\":\"webnest-f4392\",\"storageBucket\":\"webnest-f4392.appspot.com\"}","GCLOUD_PROJECT":"webnest-f4392","EVENTARC_CLOUD_EVENT_SOURCE":"projects/webnest-f4392/locations/us-central1/services/testDetectandScrape","FUNCTION_SIGNATURE_TYPE":"cloudevent","FUNCTION_TARGET":"testDetectandScrape"},"maxInstanceCount":100,"ingressSettings":"ALLOW_ALL","serviceAccountEmail":"232253787380-compute@developer.gserviceaccount.com","availableMemory":"256Mi","maxInstanceRequestConcurrency":80,"availableCpu":"1"},"eventTrigger":{"trigger":"projects/webnest-f4392/locations/nam5/triggers/testdetectandscrape-805300","triggerRegion":"nam5","eventType":"google.cloud.firestore.document.v1.created","eventFilters":[{"attribute":"database","value":"(default)"},{"attribute":"namespace","value":"(default)"},{"attribute":"document","value":"users/{userId}/pages/{documentId}","operator":"match-path-pattern"}],"serviceAccountEmail":"232253787380-compute@developer.gserviceaccount.com","retryPolicy":"RETRY_POLICY_DO_NOT_RETRY"},"labels":{"deployment-tool":"cli-firebase","firebase-functions-hash":"ceaad108bc48592f8a6dcda19f576a33a64198cf"},"environment":"GEN_2"},"stages":[{"name":"BUILD","message":"Build in progress","state":"IN_PROGRESS","resource":"projects/232253787380/locations/us-central1/builds/fe4e0dd1-d3ac-4ca2-9da4-e0eb51d702fb","resourceUri":"https://console.cloud.google.com/cloud-build/builds;region=us-central1/fe4e0dd1-d3ac-4ca2-9da4-e0eb51d702fb?project=232253787380"},{"name":"SERVICE","state":"NOT_STARTED"},{"name":"TRIGGER","state":"NOT_STARTED"}]},"done":false}
[debug] [2023-10-03T19:41:54.490Z] [create-default-us-central1-testDetectandScrape] Retrying task index 0
[debug] [2023-10-03T19:41:54.490Z] >>> [apiv2][query] GET https://cloudfunctions.googleapis.com/v2/projects/webnest-f4392/locations/us-central1/operations/operation-1696362108139-606d514ddb6af-7957527d-5b9cdcdb [none]
[debug] [2023-10-03T19:41:55.127Z] <<< [apiv2][status] GET https://cloudfunctions.googleapis.com/v2/projects/webnest-f4392/locations/us-central1/operations/operation-1696362108139-606d514ddb6af-7957527d-5b9cdcdb 200
[debug] [2023-10-03T19:41:55.127Z] <<< [apiv2][body] GET https://cloudfunctions.googleapis.com/v2/projects/webnest-f4392/locations/us-central1/operations/operation-1696362108139-606d514ddb6af-7957527d-5b9cdcdb {"name":"projects/webnest-f4392/locations/us-central1/operations/operation-1696362108139-606d514ddb6af-7957527d-5b9cdcdb","metadata":{"@type":"type.googleapis.com/google.cloud.functions.v2.OperationMetadata","createTime":"2023-10-03T19:41:48.521895924Z","target":"projects/webnest-f4392/locations/us-central1/functions/testDetectandScrape","verb":"create","cancelRequested":false,"apiVersion":"v2","requestResource":{"@type":"type.googleapis.com/google.cloud.functions.v2.Function","name":"projects/webnest-f4392/locations/us-central1/functions/testDetectandScrape","buildConfig":{"runtime":"nodejs18","entryPoint":"testDetectandScrape","source":{"storageSource":{"bucket":"gcf-v2-sources-232253787380-us-central1","object":"testDetectandScrape/function-source.zip","generation":"1696362108304801"}},"environmentVariables":{"GOOGLE_NODE_RUN_SCRIPTS":""}},"serviceConfig":{"service":"projects/webnest-f4392/locations/us-central1/services/testdetectandscrape","timeoutSeconds":60,"environmentVariables":{"FIREBASE_CONFIG":"{\"projectId\":\"webnest-f4392\",\"storageBucket\":\"webnest-f4392.appspot.com\"}","GCLOUD_PROJECT":"webnest-f4392","EVENTARC_CLOUD_EVENT_SOURCE":"projects/webnest-f4392/locations/us-central1/services/testDetectandScrape","FUNCTION_SIGNATURE_TYPE":"cloudevent","FUNCTION_TARGET":"testDetectandScrape"},"maxInstanceCount":100,"ingressSettings":"ALLOW_ALL","serviceAccountEmail":"232253787380-compute@developer.gserviceaccount.com","availableMemory":"256Mi","maxInstanceRequestConcurrency":80,"availableCpu":"1"},"eventTrigger":{"trigger":"projects/webnest-f4392/locations/nam5/triggers/testdetectandscrape-805300","triggerRegion":"nam5","eventType":"google.cloud.firestore.document.v1.created","eventFilters":[{"attribute":"database","value":"(default)"},{"attribute":"namespace","value":"(default)"},{"attribute":"document","value":"users/{userId}/pages/{documentId}","operator":"match-path-pattern"}],"serviceAccountEmail":"232253787380-compute@developer.gserviceaccount.com","retryPolicy":"RETRY_POLICY_DO_NOT_RETRY"},"labels":{"deployment-tool":"cli-firebase","firebase-functions-hash":"ceaad108bc48592f8a6dcda19f576a33a64198cf"},"environment":"GEN_2"},"stages":[{"name":"BUILD","message":"Build in progress","state":"IN_PROGRESS","resource":"projects/232253787380/locations/us-central1/builds/fe4e0dd1-d3ac-4ca2-9da4-e0eb51d702fb","resourceUri":"https://console.cloud.google.com/cloud-build/builds;region=us-central1/fe4e0dd1-d3ac-4ca2-9da4-e0eb51d702fb?project=232253787380"},{"name":"SERVICE","state":"NOT_STARTED"},{"name":"TRIGGER","state":"NOT_STARTED"}]},"done":false}
[debug] [2023-10-03T19:41:59.134Z] [create-default-us-central1-testDetectandScrape] Retrying task index 0
[debug] [2023-10-03T19:41:59.134Z] >>> [apiv2][query] GET https://cloudfunctions.googleapis.com/v2/projects/webnest-f4392/locations/us-central1/operations/operation-1696362108139-606d514ddb6af-7957527d-5b9cdcdb [none]
[debug] [2023-10-03T19:41:59.317Z] <<< [apiv2][status] GET https://cloudfunctions.googleapis.com/v2/projects/webnest-f4392/locations/us-central1/operations/operation-1696362108139-606d514ddb6af-7957527d-5b9cdcdb 200
[debug] [2023-10-03T19:41:59.317Z] <<< [apiv2][body] GET https://cloudfunctions.googleapis.com/v2/projects/webnest-f4392/locations/us-central1/operations/operation-1696362108139-606d514ddb6af-7957527d-5b9cdcdb {"name":"projects/webnest-f4392/locations/us-central1/operations/operation-1696362108139-606d514ddb6af-7957527d-5b9cdcdb","metadata":{"@type":"type.googleapis.com/google.cloud.functions.v2.OperationMetadata","createTime":"2023-10-03T19:41:48.521895924Z","target":"projects/webnest-f4392/locations/us-central1/functions/testDetectandScrape","verb":"create","cancelRequested":false,"apiVersion":"v2","requestResource":{"@type":"type.googleapis.com/google.cloud.functions.v2.Function","name":"projects/webnest-f4392/locations/us-central1/functions/testDetectandScrape","buildConfig":{"runtime":"nodejs18","entryPoint":"testDetectandScrape","source":{"storageSource":{"bucket":"gcf-v2-sources-232253787380-us-central1","object":"testDetectandScrape/function-source.zip","generation":"1696362108304801"}},"environmentVariables":{"GOOGLE_NODE_RUN_SCRIPTS":""}},"serviceConfig":{"service":"projects/webnest-f4392/locations/us-central1/services/testdetectandscrape","timeoutSeconds":60,"environmentVariables":{"FIREBASE_CONFIG":"{\"projectId\":\"webnest-f4392\",\"storageBucket\":\"webnest-f4392.appspot.com\"}","GCLOUD_PROJECT":"webnest-f4392","EVENTARC_CLOUD_EVENT_SOURCE":"projects/webnest-f4392/locations/us-central1/services/testDetectandScrape","FUNCTION_SIGNATURE_TYPE":"cloudevent","FUNCTION_TARGET":"testDetectandScrape"},"maxInstanceCount":100,"ingressSettings":"ALLOW_ALL","serviceAccountEmail":"232253787380-compute@developer.gserviceaccount.com","availableMemory":"256Mi","maxInstanceRequestConcurrency":80,"availableCpu":"1"},"eventTrigger":{"trigger":"projects/webnest-f4392/locations/nam5/triggers/testdetectandscrape-805300","triggerRegion":"nam5","eventType":"google.cloud.firestore.document.v1.created","eventFilters":[{"attribute":"database","value":"(default)"},{"attribute":"namespace","value":"(default)"},{"attribute":"document","value":"users/{userId}/pages/{documentId}","operator":"match-path-pattern"}],"serviceAccountEmail":"232253787380-compute@developer.gserviceaccount.com","retryPolicy":"RETRY_POLICY_DO_NOT_RETRY"},"labels":{"deployment-tool":"cli-firebase","firebase-functions-hash":"ceaad108bc48592f8a6dcda19f576a33a64198cf"},"environment":"GEN_2"},"stages":[{"name":"BUILD","message":"Build in progress","state":"IN_PROGRESS","resource":"projects/232253787380/locations/us-central1/builds/fe4e0dd1-d3ac-4ca2-9da4-e0eb51d702fb","resourceUri":"https://console.cloud.google.com/cloud-build/builds;region=us-central1/fe4e0dd1-d3ac-4ca2-9da4-e0eb51d702fb?project=232253787380"},{"name":"SERVICE","state":"NOT_STARTED"},{"name":"TRIGGER","state":"NOT_STARTED"}]},"done":false}
[debug] [2023-10-03T19:42:07.320Z] [create-default-us-central1-testDetectandScrape] Retrying task index 0
[debug] [2023-10-03T19:42:07.320Z] >>> [apiv2][query] GET https://cloudfunctions.googleapis.com/v2/projects/webnest-f4392/locations/us-central1/operations/operation-1696362108139-606d514ddb6af-7957527d-5b9cdcdb [none]
[debug] [2023-10-03T19:42:07.478Z] <<< [apiv2][status] GET https://cloudfunctions.googleapis.com/v2/projects/webnest-f4392/locations/us-central1/operations/operation-1696362108139-606d514ddb6af-7957527d-5b9cdcdb 200
[debug] [2023-10-03T19:42:07.478Z] <<< [apiv2][body] GET https://cloudfunctions.googleapis.com/v2/projects/webnest-f4392/locations/us-central1/operations/operation-1696362108139-606d514ddb6af-7957527d-5b9cdcdb {"name":"projects/webnest-f4392/locations/us-central1/operations/operation-1696362108139-606d514ddb6af-7957527d-5b9cdcdb","metadata":{"@type":"type.googleapis.com/google.cloud.functions.v2.OperationMetadata","createTime":"2023-10-03T19:41:48.521895924Z","target":"projects/webnest-f4392/locations/us-central1/functions/testDetectandScrape","verb":"create","cancelRequested":false,"apiVersion":"v2","requestResource":{"@type":"type.googleapis.com/google.cloud.functions.v2.Function","name":"projects/webnest-f4392/locations/us-central1/functions/testDetectandScrape","buildConfig":{"runtime":"nodejs18","entryPoint":"testDetectandScrape","source":{"storageSource":{"bucket":"gcf-v2-sources-232253787380-us-central1","object":"testDetectandScrape/function-source.zip","generation":"1696362108304801"}},"environmentVariables":{"GOOGLE_NODE_RUN_SCRIPTS":""}},"serviceConfig":{"service":"projects/webnest-f4392/locations/us-central1/services/testdetectandscrape","timeoutSeconds":60,"environmentVariables":{"FIREBASE_CONFIG":"{\"projectId\":\"webnest-f4392\",\"storageBucket\":\"webnest-f4392.appspot.com\"}","GCLOUD_PROJECT":"webnest-f4392","EVENTARC_CLOUD_EVENT_SOURCE":"projects/webnest-f4392/locations/us-central1/services/testDetectandScrape","FUNCTION_SIGNATURE_TYPE":"cloudevent","FUNCTION_TARGET":"testDetectandScrape"},"maxInstanceCount":100,"ingressSettings":"ALLOW_ALL","serviceAccountEmail":"232253787380-compute@developer.gserviceaccount.com","availableMemory":"256Mi","maxInstanceRequestConcurrency":80,"availableCpu":"1"},"eventTrigger":{"trigger":"projects/webnest-f4392/locations/nam5/triggers/testdetectandscrape-805300","triggerRegion":"nam5","eventType":"google.cloud.firestore.document.v1.created","eventFilters":[{"attribute":"database","value":"(default)"},{"attribute":"namespace","value":"(default)"},{"attribute":"document","value":"users/{userId}/pages/{documentId}","operator":"match-path-pattern"}],"serviceAccountEmail":"232253787380-compute@developer.gserviceaccount.com","retryPolicy":"RETRY_POLICY_DO_NOT_RETRY"},"labels":{"deployment-tool":"cli-firebase","firebase-functions-hash":"ceaad108bc48592f8a6dcda19f576a33a64198cf"},"environment":"GEN_2"},"stages":[{"name":"BUILD","message":"Build in progress","state":"IN_PROGRESS","resource":"projects/232253787380/locations/us-central1/builds/fe4e0dd1-d3ac-4ca2-9da4-e0eb51d702fb","resourceUri":"https://console.cloud.google.com/cloud-build/builds;region=us-central1/fe4e0dd1-d3ac-4ca2-9da4-e0eb51d702fb?project=232253787380"},{"name":"SERVICE","state":"NOT_STARTED"},{"name":"TRIGGER","state":"NOT_STARTED"}]},"done":false}
[debug] [2023-10-03T19:42:17.479Z] [create-default-us-central1-testDetectandScrape] Retrying task index 0
[debug] [2023-10-03T19:42:17.479Z] >>> [apiv2][query] GET https://cloudfunctions.googleapis.com/v2/projects/webnest-f4392/locations/us-central1/operations/operation-1696362108139-606d514ddb6af-7957527d-5b9cdcdb [none]
[debug] [2023-10-03T19:42:17.852Z] <<< [apiv2][status] GET https://cloudfunctions.googleapis.com/v2/projects/webnest-f4392/locations/us-central1/operations/operation-1696362108139-606d514ddb6af-7957527d-5b9cdcdb 200
[debug] [2023-10-03T19:42:17.852Z] <<< [apiv2][body] GET https://cloudfunctions.googleapis.com/v2/projects/webnest-f4392/locations/us-central1/operations/operation-1696362108139-606d514ddb6af-7957527d-5b9cdcdb {"name":"projects/webnest-f4392/locations/us-central1/operations/operation-1696362108139-606d514ddb6af-7957527d-5b9cdcdb","metadata":{"@type":"type.googleapis.com/google.cloud.functions.v2.OperationMetadata","createTime":"2023-10-03T19:41:48.521895924Z","target":"projects/webnest-f4392/locations/us-central1/functions/testDetectandScrape","verb":"create","cancelRequested":false,"apiVersion":"v2","requestResource":{"@type":"type.googleapis.com/google.cloud.functions.v2.Function","name":"projects/webnest-f4392/locations/us-central1/functions/testDetectandScrape","buildConfig":{"runtime":"nodejs18","entryPoint":"testDetectandScrape","source":{"storageSource":{"bucket":"gcf-v2-sources-232253787380-us-central1","object":"testDetectandScrape/function-source.zip","generation":"1696362108304801"}},"environmentVariables":{"GOOGLE_NODE_RUN_SCRIPTS":""}},"serviceConfig":{"service":"projects/webnest-f4392/locations/us-central1/services/testdetectandscrape","timeoutSeconds":60,"environmentVariables":{"FIREBASE_CONFIG":"{\"projectId\":\"webnest-f4392\",\"storageBucket\":\"webnest-f4392.appspot.com\"}","GCLOUD_PROJECT":"webnest-f4392","EVENTARC_CLOUD_EVENT_SOURCE":"projects/webnest-f4392/locations/us-central1/services/testDetectandScrape","FUNCTION_SIGNATURE_TYPE":"cloudevent","FUNCTION_TARGET":"testDetectandScrape"},"maxInstanceCount":100,"ingressSettings":"ALLOW_ALL","serviceAccountEmail":"232253787380-compute@developer.gserviceaccount.com","availableMemory":"256Mi","maxInstanceRequestConcurrency":80,"availableCpu":"1"},"eventTrigger":{"trigger":"projects/webnest-f4392/locations/nam5/triggers/testdetectandscrape-805300","triggerRegion":"nam5","eventType":"google.cloud.firestore.document.v1.created","eventFilters":[{"attribute":"database","value":"(default)"},{"attribute":"namespace","value":"(default)"},{"attribute":"document","value":"users/{userId}/pages/{documentId}","operator":"match-path-pattern"}],"serviceAccountEmail":"232253787380-compute@developer.gserviceaccount.com","retryPolicy":"RETRY_POLICY_DO_NOT_RETRY"},"labels":{"deployment-tool":"cli-firebase","firebase-functions-hash":"ceaad108bc48592f8a6dcda19f576a33a64198cf"},"environment":"GEN_2"},"stages":[{"name":"BUILD","message":"Build in progress","state":"IN_PROGRESS","resource":"projects/232253787380/locations/us-central1/builds/fe4e0dd1-d3ac-4ca2-9da4-e0eb51d702fb","resourceUri":"https://console.cloud.google.com/cloud-build/builds;region=us-central1/fe4e0dd1-d3ac-4ca2-9da4-e0eb51d702fb?project=232253787380"},{"name":"SERVICE","state":"NOT_STARTED"},{"name":"TRIGGER","state":"NOT_STARTED"}]},"done":false}
[debug] [2023-10-03T19:42:27.863Z] [create-default-us-central1-testDetectandScrape] Retrying task index 0
[debug] [2023-10-03T19:42:27.863Z] >>> [apiv2][query] GET https://cloudfunctions.googleapis.com/v2/projects/webnest-f4392/locations/us-central1/operations/operation-1696362108139-606d514ddb6af-7957527d-5b9cdcdb [none]
[debug] [2023-10-03T19:42:28.029Z] <<< [apiv2][status] GET https://cloudfunctions.googleapis.com/v2/projects/webnest-f4392/locations/us-central1/operations/operation-1696362108139-606d514ddb6af-7957527d-5b9cdcdb 200
[debug] [2023-10-03T19:42:28.029Z] <<< [apiv2][body] GET https://cloudfunctions.googleapis.com/v2/projects/webnest-f4392/locations/us-central1/operations/operation-1696362108139-606d514ddb6af-7957527d-5b9cdcdb {"name":"projects/webnest-f4392/locations/us-central1/operations/operation-1696362108139-606d514ddb6af-7957527d-5b9cdcdb","metadata":{"@type":"type.googleapis.com/google.cloud.functions.v2.OperationMetadata","createTime":"2023-10-03T19:41:48.521895924Z","target":"projects/webnest-f4392/locations/us-central1/functions/testDetectandScrape","verb":"create","cancelRequested":false,"apiVersion":"v2","requestResource":{"@type":"type.googleapis.com/google.cloud.functions.v2.Function","name":"projects/webnest-f4392/locations/us-central1/functions/testDetectandScrape","buildConfig":{"runtime":"nodejs18","entryPoint":"testDetectandScrape","source":{"storageSource":{"bucket":"gcf-v2-sources-232253787380-us-central1","object":"testDetectandScrape/function-source.zip","generation":"1696362108304801"}},"environmentVariables":{"GOOGLE_NODE_RUN_SCRIPTS":""}},"serviceConfig":{"service":"projects/webnest-f4392/locations/us-central1/services/testdetectandscrape","timeoutSeconds":60,"environmentVariables":{"FIREBASE_CONFIG":"{\"projectId\":\"webnest-f4392\",\"storageBucket\":\"webnest-f4392.appspot.com\"}","GCLOUD_PROJECT":"webnest-f4392","EVENTARC_CLOUD_EVENT_SOURCE":"projects/webnest-f4392/locations/us-central1/services/testDetectandScrape","FUNCTION_SIGNATURE_TYPE":"cloudevent","FUNCTION_TARGET":"testDetectandScrape"},"maxInstanceCount":100,"ingressSettings":"ALLOW_ALL","serviceAccountEmail":"232253787380-compute@developer.gserviceaccount.com","availableMemory":"256Mi","maxInstanceRequestConcurrency":80,"availableCpu":"1"},"eventTrigger":{"trigger":"projects/webnest-f4392/locations/nam5/triggers/testdetectandscrape-805300","triggerRegion":"nam5","eventType":"google.cloud.firestore.document.v1.created","eventFilters":[{"attribute":"database","value":"(default)"},{"attribute":"namespace","value":"(default)"},{"attribute":"document","value":"users/{userId}/pages/{documentId}","operator":"match-path-pattern"}],"serviceAccountEmail":"232253787380-compute@developer.gserviceaccount.com","retryPolicy":"RETRY_POLICY_DO_NOT_RETRY"},"labels":{"deployment-tool":"cli-firebase","firebase-functions-hash":"ceaad108bc48592f8a6dcda19f576a33a64198cf"},"environment":"GEN_2"},"stages":[{"name":"BUILD","message":"Build in progress","state":"IN_PROGRESS","resource":"projects/232253787380/locations/us-central1/builds/fe4e0dd1-d3ac-4ca2-9da4-e0eb51d702fb","resourceUri":"https://console.cloud.google.com/cloud-build/builds;region=us-central1/fe4e0dd1-d3ac-4ca2-9da4-e0eb51d702fb?project=232253787380"},{"name":"SERVICE","state":"NOT_STARTED"},{"name":"TRIGGER","state":"NOT_STARTED"}]},"done":false}
[debug] [2023-10-03T19:42:38.043Z] [create-default-us-central1-testDetectandScrape] Retrying task index 0
[debug] [2023-10-03T19:42:38.043Z] >>> [apiv2][query] GET https://cloudfunctions.googleapis.com/v2/projects/webnest-f4392/locations/us-central1/operations/operation-1696362108139-606d514ddb6af-7957527d-5b9cdcdb [none]
[debug] [2023-10-03T19:42:38.211Z] <<< [apiv2][status] GET https://cloudfunctions.googleapis.com/v2/projects/webnest-f4392/locations/us-central1/operations/operation-1696362108139-606d514ddb6af-7957527d-5b9cdcdb 200
[debug] [2023-10-03T19:42:38.211Z] <<< [apiv2][body] GET https://cloudfunctions.googleapis.com/v2/projects/webnest-f4392/locations/us-central1/operations/operation-1696362108139-606d514ddb6af-7957527d-5b9cdcdb {"name":"projects/webnest-f4392/locations/us-central1/operations/operation-1696362108139-606d514ddb6af-7957527d-5b9cdcdb","metadata":{"@type":"type.googleapis.com/google.cloud.functions.v2.OperationMetadata","createTime":"2023-10-03T19:41:48.521895924Z","target":"projects/webnest-f4392/locations/us-central1/functions/testDetectandScrape","verb":"create","cancelRequested":false,"apiVersion":"v2","requestResource":{"@type":"type.googleapis.com/google.cloud.functions.v2.Function","name":"projects/webnest-f4392/locations/us-central1/functions/testDetectandScrape","buildConfig":{"runtime":"nodejs18","entryPoint":"testDetectandScrape","source":{"storageSource":{"bucket":"gcf-v2-sources-232253787380-us-central1","object":"testDetectandScrape/function-source.zip","generation":"1696362108304801"}},"environmentVariables":{"GOOGLE_NODE_RUN_SCRIPTS":""}},"serviceConfig":{"service":"projects/webnest-f4392/locations/us-central1/services/testdetectandscrape","timeoutSeconds":60,"environmentVariables":{"FIREBASE_CONFIG":"{\"projectId\":\"webnest-f4392\",\"storageBucket\":\"webnest-f4392.appspot.com\"}","GCLOUD_PROJECT":"webnest-f4392","EVENTARC_CLOUD_EVENT_SOURCE":"projects/webnest-f4392/locations/us-central1/services/testDetectandScrape","FUNCTION_SIGNATURE_TYPE":"cloudevent","FUNCTION_TARGET":"testDetectandScrape"},"maxInstanceCount":100,"ingressSettings":"ALLOW_ALL","serviceAccountEmail":"232253787380-compute@developer.gserviceaccount.com","availableMemory":"256Mi","maxInstanceRequestConcurrency":80,"availableCpu":"1"},"eventTrigger":{"trigger":"projects/webnest-f4392/locations/nam5/triggers/testdetectandscrape-805300","triggerRegion":"nam5","eventType":"google.cloud.firestore.document.v1.created","eventFilters":[{"attribute":"database","value":"(default)"},{"attribute":"namespace","value":"(default)"},{"attribute":"document","value":"users/{userId}/pages/{documentId}","operator":"match-path-pattern"}],"serviceAccountEmail":"232253787380-compute@developer.gserviceaccount.com","retryPolicy":"RETRY_POLICY_DO_NOT_RETRY"},"labels":{"deployment-tool":"cli-firebase","firebase-functions-hash":"ceaad108bc48592f8a6dcda19f576a33a64198cf"},"environment":"GEN_2"},"stages":[{"name":"BUILD","message":"Build in progress","state":"IN_PROGRESS","resource":"projects/232253787380/locations/us-central1/builds/fe4e0dd1-d3ac-4ca2-9da4-e0eb51d702fb","resourceUri":"https://console.cloud.google.com/cloud-build/builds;region=us-central1/fe4e0dd1-d3ac-4ca2-9da4-e0eb51d702fb?project=232253787380"},{"name":"SERVICE","state":"NOT_STARTED"},{"name":"TRIGGER","state":"NOT_STARTED"}]},"done":false}
[debug] [2023-10-03T19:42:48.225Z] [create-default-us-central1-testDetectandScrape] Retrying task index 0
[debug] [2023-10-03T19:42:48.225Z] >>> [apiv2][query] GET https://cloudfunctions.googleapis.com/v2/projects/webnest-f4392/locations/us-central1/operations/operation-1696362108139-606d514ddb6af-7957527d-5b9cdcdb [none]
[debug] [2023-10-03T19:42:48.584Z] <<< [apiv2][status] GET https://cloudfunctions.googleapis.com/v2/projects/webnest-f4392/locations/us-central1/operations/operation-1696362108139-606d514ddb6af-7957527d-5b9cdcdb 200
[debug] [2023-10-03T19:42:48.584Z] <<< [apiv2][body] GET https://cloudfunctions.googleapis.com/v2/projects/webnest-f4392/locations/us-central1/operations/operation-1696362108139-606d514ddb6af-7957527d-5b9cdcdb {"name":"projects/webnest-f4392/locations/us-central1/operations/operation-1696362108139-606d514ddb6af-7957527d-5b9cdcdb","metadata":{"@type":"type.googleapis.com/google.cloud.functions.v2.OperationMetadata","createTime":"2023-10-03T19:41:48.521895924Z","target":"projects/webnest-f4392/locations/us-central1/functions/testDetectandScrape","verb":"create","cancelRequested":false,"apiVersion":"v2","requestResource":{"@type":"type.googleapis.com/google.cloud.functions.v2.Function","name":"projects/webnest-f4392/locations/us-central1/functions/testDetectandScrape","buildConfig":{"runtime":"nodejs18","entryPoint":"testDetectandScrape","source":{"storageSource":{"bucket":"gcf-v2-sources-232253787380-us-central1","object":"testDetectandScrape/function-source.zip","generation":"1696362108304801"}},"environmentVariables":{"GOOGLE_NODE_RUN_SCRIPTS":""}},"serviceConfig":{"service":"projects/webnest-f4392/locations/us-central1/services/testdetectandscrape","timeoutSeconds":60,"environmentVariables":{"FIREBASE_CONFIG":"{\"projectId\":\"webnest-f4392\",\"storageBucket\":\"webnest-f4392.appspot.com\"}","GCLOUD_PROJECT":"webnest-f4392","EVENTARC_CLOUD_EVENT_SOURCE":"projects/webnest-f4392/locations/us-central1/services/testDetectandScrape","FUNCTION_SIGNATURE_TYPE":"cloudevent","FUNCTION_TARGET":"testDetectandScrape"},"maxInstanceCount":100,"ingressSettings":"ALLOW_ALL","serviceAccountEmail":"232253787380-compute@developer.gserviceaccount.com","availableMemory":"256Mi","maxInstanceRequestConcurrency":80,"availableCpu":"1"},"eventTrigger":{"trigger":"projects/webnest-f4392/locations/nam5/triggers/testdetectandscrape-805300","triggerRegion":"nam5","eventType":"google.cloud.firestore.document.v1.created","eventFilters":[{"attribute":"database","value":"(default)"},{"attribute":"namespace","value":"(default)"},{"attribute":"document","value":"users/{userId}/pages/{documentId}","operator":"match-path-pattern"}],"serviceAccountEmail":"232253787380-compute@developer.gserviceaccount.com","retryPolicy":"RETRY_POLICY_DO_NOT_RETRY"},"labels":{"deployment-tool":"cli-firebase","firebase-functions-hash":"ceaad108bc48592f8a6dcda19f576a33a64198cf"},"environment":"GEN_2"},"stages":[{"name":"BUILD","message":"Build finished","state":"COMPLETE","resource":"projects/232253787380/locations/us-central1/builds/fe4e0dd1-d3ac-4ca2-9da4-e0eb51d702fb","resourceUri":"https://console.cloud.google.com/cloud-build/builds;region=us-central1/fe4e0dd1-d3ac-4ca2-9da4-e0eb51d702fb?project=232253787380"},{"name":"SERVICE","message":"Creating Cloud Run service","state":"IN_PROGRESS","resource":"projects/webnest-f4392/locations/us-central1/services/testdetectandscrape","resourceUri":"https://console.cloud.google.com/run/detail/us-central1/testdetectandscrape?project=webnest-f4392"},{"name":"TRIGGER","state":"NOT_STARTED"}],"sourceToken":"Cldwcm9qZWN0cy8yMzIyNTM3ODczODAvbG9jYXRpb25zL3VzLWNlbnRyYWwxL2J1aWxkcy9mZTRlMGRkMS1kM2FjLTRjYTItOWRhNC1lMGViNTFkNzAyZmISVnVzLWNlbnRyYWwxLWRvY2tlci5wa2cuZGV2L3dlYm5lc3QtZjQzOTIvZ2NmLWFydGlmYWN0cy90ZXN0X2RldGVjdGFuZF9zY3JhcGU6dmVyc2lvbl8xGPSZnpvhBiJKcHJvamVjdHMvd2VibmVzdC1mNDM5Mi9sb2NhdGlvbnMvdXMtY2VudHJhbDEvZnVuY3Rpb25zL3Rlc3REZXRlY3RhbmRTY3JhcGUqDAiv3fGoBhCo14HWAzIIbm9kZWpzMTg="},"done":false}
[debug] [2023-10-03T19:42:48.584Z] Got source token Cldwcm9qZWN0cy8yMzIyNTM3ODczODAvbG9jYXRpb25zL3VzLWNlbnRyYWwxL2J1aWxkcy9mZTRlMGRkMS1kM2FjLTRjYTItOWRhNC1lMGViNTFkNzAyZmISVnVzLWNlbnRyYWwxLWRvY2tlci5wa2cuZGV2L3dlYm5lc3QtZjQzOTIvZ2NmLWFydGlmYWN0cy90ZXN0X2RldGVjdGFuZF9zY3JhcGU6dmVyc2lvbl8xGPSZnpvhBiJKcHJvamVjdHMvd2VibmVzdC1mNDM5Mi9sb2NhdGlvbnMvdXMtY2VudHJhbDEvZnVuY3Rpb25zL3Rlc3REZXRlY3RhbmRTY3JhcGUqDAiv3fGoBhCo14HWAzIIbm9kZWpzMTg= for region us-central1
[debug] [2023-10-03T19:42:58.587Z] [create-default-us-central1-testDetectandScrape] Retrying task index 0
[debug] [2023-10-03T19:42:58.588Z] >>> [apiv2][query] GET https://cloudfunctions.googleapis.com/v2/projects/webnest-f4392/locations/us-central1/operations/operation-1696362108139-606d514ddb6af-7957527d-5b9cdcdb [none]
[debug] [2023-10-03T19:42:58.926Z] <<< [apiv2][status] GET https://cloudfunctions.googleapis.com/v2/projects/webnest-f4392/locations/us-central1/operations/operation-1696362108139-606d514ddb6af-7957527d-5b9cdcdb 200
[debug] [2023-10-03T19:42:58.926Z] <<< [apiv2][body] GET https://cloudfunctions.googleapis.com/v2/projects/webnest-f4392/locations/us-central1/operations/operation-1696362108139-606d514ddb6af-7957527d-5b9cdcdb {"name":"projects/webnest-f4392/locations/us-central1/operations/operation-1696362108139-606d514ddb6af-7957527d-5b9cdcdb","metadata":{"@type":"type.googleapis.com/google.cloud.functions.v2.OperationMetadata","createTime":"2023-10-03T19:41:48.521895924Z","endTime":"2023-10-03T19:42:57.251601161Z","target":"projects/webnest-f4392/locations/us-central1/functions/testDetectandScrape","verb":"create","cancelRequested":false,"apiVersion":"v2","requestResource":{"@type":"type.googleapis.com/google.cloud.functions.v2.Function","name":"projects/webnest-f4392/locations/us-central1/functions/testDetectandScrape","buildConfig":{"runtime":"nodejs18","entryPoint":"testDetectandScrape","source":{"storageSource":{"bucket":"gcf-v2-sources-232253787380-us-central1","object":"testDetectandScrape/function-source.zip","generation":"1696362108304801"}},"environmentVariables":{"GOOGLE_NODE_RUN_SCRIPTS":""}},"serviceConfig":{"service":"projects/webnest-f4392/locations/us-central1/services/testdetectandscrape","timeoutSeconds":60,"environmentVariables":{"FIREBASE_CONFIG":"{\"projectId\":\"webnest-f4392\",\"storageBucket\":\"webnest-f4392.appspot.com\"}","GCLOUD_PROJECT":"webnest-f4392","EVENTARC_CLOUD_EVENT_SOURCE":"projects/webnest-f4392/locations/us-central1/services/testDetectandScrape","FUNCTION_SIGNATURE_TYPE":"cloudevent","FUNCTION_TARGET":"testDetectandScrape"},"maxInstanceCount":100,"ingressSettings":"ALLOW_ALL","serviceAccountEmail":"232253787380-compute@developer.gserviceaccount.com","availableMemory":"256Mi","maxInstanceRequestConcurrency":80,"availableCpu":"1"},"eventTrigger":{"trigger":"projects/webnest-f4392/locations/nam5/triggers/testdetectandscrape-805300","triggerRegion":"nam5","eventType":"google.cloud.firestore.document.v1.created","eventFilters":[{"attribute":"database","value":"(default)"},{"attribute":"namespace","value":"(default)"},{"attribute":"document","value":"users/{userId}/pages/{documentId}","operator":"match-path-pattern"}],"serviceAccountEmail":"232253787380-compute@developer.gserviceaccount.com","retryPolicy":"RETRY_POLICY_DO_NOT_RETRY"},"labels":{"deployment-tool":"cli-firebase","firebase-functions-hash":"ceaad108bc48592f8a6dcda19f576a33a64198cf"},"environment":"GEN_2"},"stages":[{"name":"ARTIFACT_REGISTRY","message":"Deleting function artifacts in Artifact Registry","state":"COMPLETE"},{"name":"SERVICE","message":"Deleting Cloud Run service","state":"COMPLETE","resource":"projects/webnest-f4392/locations/us-central1/services/testdetectandscrape"},{"name":"TRIGGER","message":"Deleting Eventarc trigger","state":"COMPLETE","resource":"projects/webnest-f4392/locations/nam5/triggers/testdetectandscrape-805300"}]},"done":true,"error":{"code":3,"message":"Could not create or update Cloud Run service testdetectandscrape, Container Healthcheck failed. Revision 'testdetectandscrape-00001-puw' is not ready and cannot serve traffic. The user-provided container failed to start and listen on the port defined provided by the PORT=8080 environment variable. Logs for this revision might contain more information.\n\nLogs URL: https://console.cloud.google.com/logs/viewer?project=webnest-f4392&resource=cloud_run_revision/service_name/testdetectandscrape/revision_name/testdetectandscrape-00001-puw&advancedFilter=resource.type%3D%22cloud_run_revision%22%0Aresource.labels.service_name%3D%22testdetectandscrape%22%0Aresource.labels.revision_name%3D%22testdetectandscrape-00001-puw%22 \nFor more troubleshooting guidance, see https://cloud.google.com/run/docs/troubleshooting#container-failed-to-start"}}
[debug] [2023-10-03T19:42:58.926Z] Got source token undefined for region us-central1
[error] Could not create or update Cloud Run service testdetectandscrape, Container Healthcheck failed. Revision 'testdetectandscrape-00001-puw' is not ready and cannot serve traffic. The user-provided container failed to start and listen on the port defined provided by the PORT=8080 environment variable. Logs for this revision might contain more information.

Logs URL: https://console.cloud.google.com/logs/viewer?project=webnest-f4392&resource=cloud_run_revision/service_name/testdetectandscrape/revision_name/testdetectandscrape-00001-puw&advancedFilter=resource.type%3D%22cloud_run_revision%22%0Aresource.labels.service_name%3D%22testdetectandscrape%22%0Aresource.labels.revision_name%3D%22testdetectandscrape-00001-puw%22 
For more troubleshooting guidance, see https://cloud.google.com/run/docs/troubleshooting#container-failed-to-start
[debug] [2023-10-03T19:42:58.931Z] Total Function Deployment time: 69656
[debug] [2023-10-03T19:42:58.931Z] 1 Functions Deployed
[debug] [2023-10-03T19:42:58.931Z] 1 Functions Errored
[debug] [2023-10-03T19:42:58.931Z] 0 Function Deployments Aborted
[debug] [2023-10-03T19:42:58.931Z] Average Function Deployment time: 69655
[info] 
[info] Functions deploy had errors with the following functions:
	testDetectandScrape(us-central1)
[info] i  functions: cleaning up build files... 
[debug] [2023-10-03T19:42:59.036Z] >>> [apiv2][query] DELETE https://artifactregistry.googleapis.com/v1beta2/projects/webnest-f4392/locations/us-central1/repositories/gcf-artifacts/packages/test_detectand_scrape [none]
[debug] [2023-10-03T19:42:59.037Z] >>> [apiv2][query] GET https://us.gcr.io/v2/webnest-f4392/gcf/us-central1/tags/list [none]
[debug] [2023-10-03T19:42:59.261Z] <<< [apiv2][status] GET https://us.gcr.io/v2/webnest-f4392/gcf/us-central1/tags/list 200
[debug] [2023-10-03T19:42:59.262Z] <<< [apiv2][body] GET https://us.gcr.io/v2/webnest-f4392/gcf/us-central1/tags/list {"child":[],"manifest":{},"name":"webnest-f4392/gcf/us-central1","tags":[]}
[debug] [2023-10-03T19:42:59.262Z] Could not find image for function projects/webnest-f4392/locations/us-central1/functions/testDetectandScrape
[debug] [2023-10-03T19:42:59.437Z] <<< [apiv2][status] DELETE https://artifactregistry.googleapis.com/v1beta2/projects/webnest-f4392/locations/us-central1/repositories/gcf-artifacts/packages/test_detectand_scrape 404
[debug] [2023-10-03T19:42:59.438Z] <<< [apiv2][body] DELETE https://artifactregistry.googleapis.com/v1beta2/projects/webnest-f4392/locations/us-central1/repositories/gcf-artifacts/packages/test_detectand_scrape {"error":{"code":404,"message":"Package \"projects/webnest-f4392/locations/us-central1/repositories/gcf-artifacts/packages/test_detectand_scrape\" was not found.","status":"NOT_FOUND"}}
[debug] [2023-10-03T19:42:59.438Z] Functions deploy failed.
[debug] [2023-10-03T19:42:59.438Z] {
  "endpoint": {
    "id": "testDetectandScrape",
    "project": "webnest-f4392",
    "region": "us-central1",
    "entryPoint": "testDetectandScrape",
    "platform": "gcfv2",
    "runtime": "nodejs18",
    "eventTrigger": {
      "eventType": "google.cloud.firestore.document.v1.created",
      "retry": false,
      "eventFilters": {
        "database": "(default)",
        "namespace": "(default)"
      },
      "eventFilterPathPatterns": {
        "document": "users/{userId}/pages/{documentId}"
      },
      "region": "nam5"
    },
    "labels": {
      "deployment-tool": "cli-firebase"
    },
    "ingressSettings": null,
    "availableMemoryMb": null,
    "serviceAccount": null,
    "timeoutSeconds": null,
    "maxInstances": null,
    "minInstances": null,
    "concurrency": 80,
    "vpc": null,
    "environmentVariables": {
      "FIREBASE_CONFIG": "{\"projectId\":\"webnest-f4392\",\"storageBucket\":\"webnest-f4392.appspot.com\"}",
      "GCLOUD_PROJECT": "webnest-f4392",
      "EVENTARC_CLOUD_EVENT_SOURCE": "projects/webnest-f4392/locations/us-central1/services/testDetectandScrape"
    },
    "codebase": "default",
    "cpu": 1,
    "targetedByOnly": false,
    "hash": "ceaad108bc48592f8a6dcda19f576a33a64198cf"
  },
  "op": "create",
  "original": {
    "name": "FirebaseError",
    "children": [],
    "exit": 1,
    "message": "Could not create or update Cloud Run service testdetectandscrape, Container Healthcheck failed. Revision 'testdetectandscrape-00001-puw' is not ready and cannot serve traffic. The user-provided container failed to start and listen on the port defined provided by the PORT=8080 environment variable. Logs for this revision might contain more information.\n\nLogs URL: https://console.cloud.google.com/logs/viewer?project=webnest-f4392&resource=cloud_run_revision/service_name/testdetectandscrape/revision_name/testdetectandscrape-00001-puw&advancedFilter=resource.type%3D%22cloud_run_revision%22%0Aresource.labels.service_name%3D%22testdetectandscrape%22%0Aresource.labels.revision_name%3D%22testdetectandscrape-00001-puw%22 \nFor more troubleshooting guidance, see https://cloud.google.com/run/docs/troubleshooting#container-failed-to-start",
    "status": 3,
    "code": 3
  }
}
[debug] [2023-10-03T19:42:59.522Z] Error: Failed to create function testDetectandScrape in region us-central1
    at C:\Users\jcdos\AppData\Roaming\npm\node_modules\firebase-tools\lib\deploy\functions\release\fabricator.js:291:27
    at process.processTicksAndRejections (node:internal/process/task_queues:95:5)
    at async Fabricator.createV2Function (C:\Users\jcdos\AppData\Roaming\npm\node_modules\firebase-tools\lib\deploy\functions\release\fabricator.js:277:30)
    at async Fabricator.createEndpoint (C:\Users\jcdos\AppData\Roaming\npm\node_modules\firebase-tools\lib\deploy\functions\release\fabricator.js:136:13)
    at async handle (C:\Users\jcdos\AppData\Roaming\npm\node_modules\firebase-tools\lib\deploy\functions\release\fabricator.js:88:17)
[error] 
[error] Error: There was an error deploying functions
